This is pdfTeX, Version 3.14159265-2.6-1.40.21 (TeX Live 2020/W32TeX) (preloaded format=pdflatex 2020.6.17)  1 AUG 2020 04:03
entering extended mode
 restricted \write18 enabled.
 file:line:error style messages enabled.
 %&-line parsing enabled.
**Ching2014
(./Ching2014.tex
LaTeX2e <2020-02-02> patch level 5
L3 programming layer <2020-03-06> (c:/texlive/2020/texmf-dist/tex/latex/ctex/ctexart.cls (c:/texlive/2020/texmf-dist/tex/latex/l3kernel/expl3.sty
Package: expl3 2020-03-06 L3 programming layer (loader) 
 (c:/texlive/2020/texmf-dist/tex/latex/l3backend/l3backend-pdfmode.def
File: l3backend-pdfmode.def 2020-03-12 L3 backend support: PDF mode
\l__kernel_color_stack_int=\count167
\l__pdf_internal_box=\box45
))
Document Class: ctexart 2019/05/29 v2.4.16 Chinese adapter for class article (CTEX)
(c:/texlive/2020/texmf-dist/tex/latex/l3packages/xparse/xparse.sty
Package: xparse 2020-03-06 L3 Experimental document command parser
\l__xparse_current_arg_int=\count168
\g__xparse_grabber_int=\count169
\l__xparse_m_args_int=\count170
\l__xparse_v_nesting_int=\count171
) (c:/texlive/2020/texmf-dist/tex/latex/l3packages/l3keys2e/l3keys2e.sty
Package: l3keys2e 2020-03-06 LaTeX2e option processing using LaTeX3 keys
) (c:/texlive/2020/texmf-dist/tex/latex/ctex/ctexhook.sty
Package: ctexhook 2019/05/29 v2.4.16 Document and package hooks (CTEX)
) (c:/texlive/2020/texmf-dist/tex/latex/ctex/ctexpatch.sty
Package: ctexpatch 2019/05/29 v2.4.16 Patching commands (CTEX)
) (c:/texlive/2020/texmf-dist/tex/latex/base/fix-cm.sty
Package: fix-cm 2015/01/14 v1.1t fixes to LaTeX
 (c:/texlive/2020/texmf-dist/tex/latex/base/ts1enc.def
File: ts1enc.def 2001/06/05 v3.0e (jk/car/fm) Standard LaTeX file
LaTeX Font Info:    Redeclaring font encoding TS1 on input line 47.
)) (c:/texlive/2020/texmf-dist/tex/latex/ms/everysel.sty
Package: everysel 2011/10/28 v1.2 EverySelectfont Package (MS)
)
\l__ctex_tmp_int=\count172
\l__ctex_tmp_box=\box46
\l__ctex_tmp_dim=\dimen134
\g__ctex_section_depth_int=\count173
\g__ctex_font_size_int=\count174
 (c:/texlive/2020/texmf-dist/tex/latex/ctex/config/ctexopts.cfg
File: ctexopts.cfg 2019/05/29 v2.4.16 Option configuration file (CTEX)
) (c:/texlive/2020/texmf-dist/tex/latex/base/article.cls
Document Class: article 2019/12/20 v1.4l Standard LaTeX document class
(c:/texlive/2020/texmf-dist/tex/latex/base/size10.clo
File: size10.clo 2019/12/20 v1.4l Standard LaTeX file (size option)
)
\c@part=\count175
\c@section=\count176
\c@subsection=\count177
\c@subsubsection=\count178
\c@paragraph=\count179
\c@subparagraph=\count180
\c@figure=\count181
\c@table=\count182
\abovecaptionskip=\skip47
\belowcaptionskip=\skip48
\bibindent=\dimen135
) (c:/texlive/2020/texmf-dist/tex/latex/ctex/engine/ctex-engine-pdftex.def
File: ctex-engine-pdftex.def 2019/05/29 v2.4.16 (pdf)LaTeX adapter (CTEX)
 (c:/texlive/2020/texmf-dist/tex/latex/cjk/texinput/CJKutf8.sty
Package: CJKutf8 2015/04/18 4.8.4
 (c:/texlive/2020/texmf-dist/tex/generic/iftex/ifpdf.sty
Package: ifpdf 2019/10/25 v3.4 ifpdf legacy package. Use iftex instead.
 (c:/texlive/2020/texmf-dist/tex/generic/iftex/iftex.sty
Package: iftex 2020/03/06 v1.0d TeX engine tests
)) (c:/texlive/2020/texmf-dist/tex/latex/base/inputenc.sty
Package: inputenc 2018/08/11 v1.3c Input encoding file
\inpenc@prehook=\toks15
\inpenc@posthook=\toks16
) (c:/texlive/2020/texmf-dist/tex/latex/cjk/texinput/CJK.sty
Package: CJK 2015/04/18 4.8.4
 (c:/texlive/2020/texmf-dist/tex/latex/cjk/texinput/mule/MULEenc.sty
Package: MULEenc 2015/04/18 4.8.4
) (c:/texlive/2020/texmf-dist/tex/latex/cjk/texinput/CJK.enc
File: CJK.enc 2015/04/18 4.8.4
Now handling font encoding C00 ...
... no UTF-8 mapping file for font encoding C00
Now handling font encoding C05 ...
... no UTF-8 mapping file for font encoding C05
Now handling font encoding C09 ...
... no UTF-8 mapping file for font encoding C09
Now handling font encoding C10 ...
... no UTF-8 mapping file for font encoding C10
Now handling font encoding C20 ...
... no UTF-8 mapping file for font encoding C20
Now handling font encoding C19 ...
... no UTF-8 mapping file for font encoding C19
Now handling font encoding C40 ...
... no UTF-8 mapping file for font encoding C40
Now handling font encoding C42 ...
... no UTF-8 mapping file for font encoding C42
Now handling font encoding C43 ...
... no UTF-8 mapping file for font encoding C43
Now handling font encoding C50 ...
... no UTF-8 mapping file for font encoding C50
Now handling font encoding C52 ...
... no UTF-8 mapping file for font encoding C52
Now handling font encoding C49 ...
... no UTF-8 mapping file for font encoding C49
Now handling font encoding C60 ...
... no UTF-8 mapping file for font encoding C60
Now handling font encoding C61 ...
... no UTF-8 mapping file for font encoding C61
Now handling font encoding C63 ...
... no UTF-8 mapping file for font encoding C63
Now handling font encoding C64 ...
... no UTF-8 mapping file for font encoding C64
Now handling font encoding C65 ...
... no UTF-8 mapping file for font encoding C65
Now handling font encoding C70 ...
... no UTF-8 mapping file for font encoding C70
Now handling font encoding C31 ...
... no UTF-8 mapping file for font encoding C31
Now handling font encoding C32 ...
... no UTF-8 mapping file for font encoding C32
Now handling font encoding C33 ...
... no UTF-8 mapping file for font encoding C33
Now handling font encoding C34 ...
... no UTF-8 mapping file for font encoding C34
Now handling font encoding C35 ...
... no UTF-8 mapping file for font encoding C35
Now handling font encoding C36 ...
... no UTF-8 mapping file for font encoding C36
Now handling font encoding C37 ...
... no UTF-8 mapping file for font encoding C37
Now handling font encoding C80 ...
... no UTF-8 mapping file for font encoding C80
Now handling font encoding C81 ...
... no UTF-8 mapping file for font encoding C81
Now handling font encoding C01 ...
... no UTF-8 mapping file for font encoding C01
Now handling font encoding C11 ...
... no UTF-8 mapping file for font encoding C11
Now handling font encoding C21 ...
... no UTF-8 mapping file for font encoding C21
Now handling font encoding C41 ...
... no UTF-8 mapping file for font encoding C41
Now handling font encoding C62 ...
... no UTF-8 mapping file for font encoding C62
)
LaTeX Info: Redefining \selectfont on input line 755.
\CJK@indent=\box47
) (c:/texlive/2020/texmf-dist/tex/latex/base/fontenc.sty
Package: fontenc 2020/02/11 v2.0o Standard LaTeX package
)) (c:/texlive/2020/texmf-dist/tex/latex/cjkpunct/CJKpunct.sty
Package: CJKpunct 2016/05/14 4.8.4
\CJKpunct@cnta=\count183
\CJKpunct@cntb=\count184
\CJKpunct@cntc=\count185
\CJKpunct@cntd=\count186
\CJKpunct@cnte=\count187
   defining Unicode char U+2018 (decimal 8216)
   defining Unicode char U+2019 (decimal 8217)
   defining Unicode char U+201C (decimal 8220)
   defining Unicode char U+201D (decimal 8221)
   defining Unicode char U+2014 (decimal 8212)
   defining Unicode char U+2026 (decimal 8230)
 (c:/texlive/2020/texmf-dist/tex/latex/cjkpunct/CJKpunct.spa)) (c:/texlive/2020/texmf-dist/tex/latex/cjk/texinput/CJKspace.sty
Package: CJKspace 2015/04/18 3.8.0
) (c:/texlive/2020/texmf-dist/tex/latex/ctex/ctexspa.def
File: ctexspa.def 2019/05/29 v2.4.16 Space info for CJKpunct (CTEX)
) (c:/texlive/2020/texmf-dist/tex/latex/cjk/texinput/CJKfntef.sty
Package: CJKfntef 2015/04/18 4.8.4
 (c:/texlive/2020/texmf-dist/tex/latex/cjk/texinput/CJKulem.sty
Package: CJKulem 2015/04/18 4.8.4
 (c:/texlive/2020/texmf-dist/tex/generic/ulem/ulem.sty
\UL@box=\box48
\UL@hyphenbox=\box49
\UL@skip=\skip49
\UL@hook=\toks17
\UL@height=\dimen136
\UL@pe=\count188
\UL@pixel=\dimen137
\ULC@box=\box50
Package: ulem 2019/11/18
\ULdepth=\dimen138
)
\UL@lastkern=\dimen139
\CJK@skip=\skip50
)
\CJK@fntefSkip=\skip51
\CJK@nest=\count189
\CJK@fntefDimen=\dimen140
\CJK@underdotBox=\box51
\CJK@ULbox=\box52
\CJK@underanyskip=\dimen141
)
\ccwd=\dimen142
\l__ctex_ccglue_skip=\skip52
)
\l__ctex_ziju_dim=\dimen143
 (c:/texlive/2020/texmf-dist/tex/latex/zhnumber/zhnumber.sty
Package: zhnumber 2019/04/07 v2.7 Typesetting numbers with Chinese glyphs
\l__zhnum_scale_int=\count190
\l__zhnum_byte_min_int=\count191
\l__zhnum_byte_max_int=\count192
 (c:/texlive/2020/texmf-dist/tex/latex/zhnumber/zhnumber-utf8.cfg
File: zhnumber-utf8.cfg 2019/04/07 v2.7 Chinese numerals with UTF8 encoding
))
\l__ctex_heading_skip=\skip53
 (c:/texlive/2020/texmf-dist/tex/latex/ctex/scheme/ctex-scheme-chinese-article.def
File: ctex-scheme-chinese-article.def 2019/05/29 v2.4.16 Chinese scheme for article (CTEX)
 (c:/texlive/2020/texmf-dist/tex/latex/ctex/config/ctex-name-utf8.cfg
File: ctex-name-utf8.cfg 2019/05/29 v2.4.16 Caption with encoding UTF8 (CTEX)
)) (c:/texlive/2020/texmf-dist/tex/latex/ctex/fontset/ctex-fontset-windows.def
File: ctex-fontset-windows.def 2019/05/29 v2.4.16 Windows fonts definition (CTEX)
 (c:/texlive/2020/texmf-dist/tex/latex/ctex/fontset/ctex-fontset-windowsnew.def
File: ctex-fontset-windowsnew.def 2019/05/29 v2.4.16 Windows fonts definition for Vista or later version (CTEX)
 (c:/texlive/2020/texmf-dist/tex/generic/ctex/zhwindowsfonts.tex
File: zhwindowsfonts.tex 2019/05/29 v2.4.16 Windows font map loader for pdfTeX and DVIPDFMx (CTEX)
{c:/texlive/2020/texmf-var/fonts/map/pdftex/updmap/pdftex.map}{UGBK.sfd}{Unicode.sfd})))) (c:/texlive/2020/texmf-dist/tex/latex/ctex/config/ctex.cfg
File: ctex.cfg 2019/05/29 v2.4.16 Configuration file (CTEX)
) (c:/texlive/2020/texmf-dist/tex/latex/hyperref/hyperref.sty
Package: hyperref 2020/01/14 v7.00d Hypertext links for LaTeX
 (c:/texlive/2020/texmf-dist/tex/generic/ltxcmds/ltxcmds.sty
Package: ltxcmds 2019/12/15 v1.24 LaTeX kernel commands for general use (HO)
) (c:/texlive/2020/texmf-dist/tex/latex/pdftexcmds/pdftexcmds.sty
Package: pdftexcmds 2019/11/24 v0.31 Utility functions of pdfTeX for LuaTeX (HO)
 (c:/texlive/2020/texmf-dist/tex/generic/infwarerr/infwarerr.sty
Package: infwarerr 2019/12/03 v1.5 Providing info/warning/error messages (HO)
)
Package pdftexcmds Info: \pdf@primitive is available.
Package pdftexcmds Info: \pdf@ifprimitive is available.
Package pdftexcmds Info: \pdfdraftmode found.
) (c:/texlive/2020/texmf-dist/tex/latex/graphics/keyval.sty
Package: keyval 2014/10/28 v1.15 key=value parser (DPC)
\KV@toks@=\toks18
) (c:/texlive/2020/texmf-dist/tex/generic/kvsetkeys/kvsetkeys.sty
Package: kvsetkeys 2019/12/15 v1.18 Key value parser (HO)
) (c:/texlive/2020/texmf-dist/tex/generic/kvdefinekeys/kvdefinekeys.sty
Package: kvdefinekeys 2019-12-19 v1.6 Define keys (HO)
) (c:/texlive/2020/texmf-dist/tex/generic/pdfescape/pdfescape.sty
Package: pdfescape 2019/12/09 v1.15 Implements pdfTeX's escape features (HO)
) (c:/texlive/2020/texmf-dist/tex/latex/hycolor/hycolor.sty
Package: hycolor 2020-01-27 v1.10 Color options for hyperref/bookmark (HO)
) (c:/texlive/2020/texmf-dist/tex/latex/letltxmacro/letltxmacro.sty
Package: letltxmacro 2019/12/03 v1.6 Let assignment for LaTeX macros (HO)
) (c:/texlive/2020/texmf-dist/tex/latex/auxhook/auxhook.sty
Package: auxhook 2019-12-17 v1.6 Hooks for auxiliary files (HO)
) (c:/texlive/2020/texmf-dist/tex/latex/kvoptions/kvoptions.sty
Package: kvoptions 2019/11/29 v3.13 Key value format for package options (HO)
)
\@linkdim=\dimen144
\Hy@linkcounter=\count193
\Hy@pagecounter=\count194
 (c:/texlive/2020/texmf-dist/tex/latex/hyperref/pd1enc.def
File: pd1enc.def 2020/01/14 v7.00d Hyperref: PDFDocEncoding definition (HO)
Now handling font encoding PD1 ...
... no UTF-8 mapping file for font encoding PD1
) (c:/texlive/2020/texmf-dist/tex/generic/intcalc/intcalc.sty
Package: intcalc 2019/12/15 v1.3 Expandable calculations with integers (HO)
) (c:/texlive/2020/texmf-dist/tex/generic/etexcmds/etexcmds.sty
Package: etexcmds 2019/12/15 v1.7 Avoid name clashes with e-TeX commands (HO)
)
\Hy@SavedSpaceFactor=\count195
Package hyperref Info: Option `unicode' set `true' on input line 4421.
 (c:/texlive/2020/texmf-dist/tex/latex/hyperref/puenc.def
File: puenc.def 2020/01/14 v7.00d Hyperref: PDF Unicode definition (HO)
Now handling font encoding PU ...
... no UTF-8 mapping file for font encoding PU
)
Package hyperref Info: Option `hyperfootnotes' set `true' on input line 4421.
Package hyperref Info: Option `colorlinks' set `true' on input line 4421.
Package hyperref Info: Hyper figures OFF on input line 4547.
Package hyperref Info: Link nesting OFF on input line 4552.
Package hyperref Info: Hyper index ON on input line 4555.
Package hyperref Info: Plain pages OFF on input line 4562.
Package hyperref Info: Backreferencing OFF on input line 4567.
Package hyperref Info: Implicit mode ON; LaTeX internals redefined.
Package hyperref Info: Bookmarks ON on input line 4800.
\c@Hy@tempcnt=\count196
 (c:/texlive/2020/texmf-dist/tex/latex/url/url.sty
\Urlmuskip=\muskip16
Package: url 2013/09/16  ver 3.4  Verb mode for urls, etc.
)
LaTeX Info: Redefining \url on input line 5159.
\XeTeXLinkMargin=\dimen145
 (c:/texlive/2020/texmf-dist/tex/generic/bitset/bitset.sty
Package: bitset 2019/12/09 v1.3 Handle bit-vector datatype (HO)
 (c:/texlive/2020/texmf-dist/tex/generic/bigintcalc/bigintcalc.sty
Package: bigintcalc 2019/12/15 v1.5 Expandable calculations on big integers (HO)
))
\Fld@menulength=\count197
\Field@Width=\dimen146
\Fld@charsize=\dimen147
Package hyperref Info: Hyper figures OFF on input line 6430.
Package hyperref Info: Link nesting OFF on input line 6435.
Package hyperref Info: Hyper index ON on input line 6438.
Package hyperref Info: backreferencing OFF on input line 6445.
Package hyperref Info: Link coloring ON on input line 6448.
Package hyperref Info: Link coloring with OCG OFF on input line 6455.
Package hyperref Info: PDF/A mode OFF on input line 6460.
LaTeX Info: Redefining \ref on input line 6500.
LaTeX Info: Redefining \pageref on input line 6504.
 (c:/texlive/2020/texmf-dist/tex/generic/atbegshi/atbegshi.sty
Package: atbegshi 2019/12/05 v1.19 At begin shipout hook (HO)
)
\Hy@abspage=\count198
\c@Item=\count199
\c@Hfootnote=\count266
)
Package hyperref Info: Driver (autodetected): hpdftex.
 (c:/texlive/2020/texmf-dist/tex/latex/hyperref/hpdftex.def
File: hpdftex.def 2020/01/14 v7.00d Hyperref driver for pdfTeX
 (c:/texlive/2020/texmf-dist/tex/latex/atveryend/atveryend.sty
Package: atveryend 2019-12-11 v1.11 Hooks at the very end of document (HO)
Package atveryend Info: \enddocument detected (standard20110627).
)
\Fld@listcount=\count267
\c@bookmark@seq@number=\count268
 (c:/texlive/2020/texmf-dist/tex/latex/rerunfilecheck/rerunfilecheck.sty
Package: rerunfilecheck 2019/12/05 v1.9 Rerun checks for auxiliary files (HO)
 (c:/texlive/2020/texmf-dist/tex/generic/uniquecounter/uniquecounter.sty
Package: uniquecounter 2019/12/15 v1.4 Provide unlimited unique counter (HO)
)
Package uniquecounter Info: New unique counter `rerunfilecheck' on input line 286.
)
\Hy@SectionHShift=\skip54
) (c:/texlive/2020/texmf-dist/tex/latex/parallel/parallel.sty
Package: parallel 2003/04/13, setting two texts parallel (me)
 `parallel': setting two texts parallel, (beta 4) 2003/04/13.
\ParallelLWidth=\dimen148
\ParallelRWidth=\dimen149
\ParallelTextWidth=\dimen150
\ParallelLeftMargin=\dimen151
\ParallelUserMidSkip=\dimen152
\ParallelMainMidSkip=\dimen153
\ParallelLBox=\box53
\ParallelRBox=\box54
\ParallelBoxVar=\box55
\ParallelLTok=\box56
\ParallelRTok=\box57
\ParallelBoolVar=\count269
\ParallelBoolMid=\count270
\ParallelWhichBox=\count271
\ParallelMainMode=\count272
\ParallelFNMode=\count273
\ParallelLFNCounter=\count274
\ParallelRFNCounter=\count275
\ParallelMaxFN=\count276
\ParallelFNNumMode=\count277
) (c:/texlive/2020/texmf-dist/tex/latex/graphics/graphicx.sty
Package: graphicx 2019/11/30 v1.2a Enhanced LaTeX Graphics (DPC,SPQR)
 (c:/texlive/2020/texmf-dist/tex/latex/graphics/graphics.sty
Package: graphics 2019/11/30 v1.4a Standard LaTeX Graphics (DPC,SPQR)
 (c:/texlive/2020/texmf-dist/tex/latex/graphics/trig.sty
Package: trig 2016/01/03 v1.10 sin cos tan (DPC)
) (c:/texlive/2020/texmf-dist/tex/latex/graphics-cfg/graphics.cfg
File: graphics.cfg 2016/06/04 v1.11 sample graphics configuration
)
Package graphics Info: Driver file: pdftex.def on input line 105.
 (c:/texlive/2020/texmf-dist/tex/latex/graphics-def/pdftex.def
File: pdftex.def 2018/01/08 v1.0l Graphics/color driver for pdftex
))
\Gin@req@height=\dimen154
\Gin@req@width=\dimen155
) (c:/texlive/2020/texmf-dist/tex/latex/geometry/geometry.sty
Package: geometry 2020/01/02 v5.9 Page Geometry
 (c:/texlive/2020/texmf-dist/tex/generic/iftex/ifvtex.sty
Package: ifvtex 2019/10/25 v1.7 ifvtex legacy package. Use iftex instead.
)
\Gm@cnth=\count278
\Gm@cntv=\count279
\c@Gm@tempcnt=\count280
\Gm@bindingoffset=\dimen156
\Gm@wd@mp=\dimen157
\Gm@odd@mp=\dimen158
\Gm@even@mp=\dimen159
\Gm@layoutwidth=\dimen160
\Gm@layoutheight=\dimen161
\Gm@layouthoffset=\dimen162
\Gm@layoutvoffset=\dimen163
\Gm@dimlist=\toks19
) (c:/texlive/2020/texmf-dist/tex/latex/graphics/lscape.sty
Package: lscape 2000/10/22 v3.01 Landscape Pages (DPC)
) (c:/texlive/2020/texmf-dist/tex/latex/pdflscape/pdflscape.sty
Package: pdflscape 2019/12/05 v0.12 Display of landscape pages in PDF (HO)
Package pdflscape Info: Auto-detected driver: pdftex on input line 81.
) (c:/texlive/2020/texmf-dist/tex/latex/tools/bm.sty
Package: bm 2019/07/24 v1.2d Bold Symbol Support (DPC/FMi)
\symboldoperators=\mathgroup4
\symboldletters=\mathgroup5
\symboldsymbols=\mathgroup6
LaTeX Font Info:    Redeclaring math alphabet \mathbf on input line 141.
LaTeX Info: Redefining \bm on input line 209.
) (c:/texlive/2020/texmf-dist/tex/latex/amsmath/amsmath.sty
Package: amsmath 2020/01/20 v2.17e AMS math features
\@mathmargin=\skip55

For additional information on amsmath, use the `?' option.
(c:/texlive/2020/texmf-dist/tex/latex/amsmath/amstext.sty
Package: amstext 2000/06/29 v2.01 AMS text
 (c:/texlive/2020/texmf-dist/tex/latex/amsmath/amsgen.sty
File: amsgen.sty 1999/11/30 v2.0 generic functions
\@emptytoks=\toks20
\ex@=\dimen164
)) (c:/texlive/2020/texmf-dist/tex/latex/amsmath/amsbsy.sty
Package: amsbsy 1999/11/29 v1.2d Bold Symbols
LaTeX Info: Redefining \boldsymbol on input line 28.
\pmbraise@=\dimen165
) (c:/texlive/2020/texmf-dist/tex/latex/amsmath/amsopn.sty
Package: amsopn 2016/03/08 v2.02 operator names
)
\inf@bad=\count281
LaTeX Info: Redefining \frac on input line 227.
\uproot@=\count282
\leftroot@=\count283
LaTeX Info: Redefining \overline on input line 389.
\classnum@=\count284
\DOTSCASE@=\count285
LaTeX Info: Redefining \ldots on input line 486.
LaTeX Info: Redefining \dots on input line 489.
LaTeX Info: Redefining \cdots on input line 610.
\Mathstrutbox@=\box58
\strutbox@=\box59
\big@size=\dimen166
LaTeX Font Info:    Redeclaring font encoding OML on input line 733.
LaTeX Font Info:    Redeclaring font encoding OMS on input line 734.
\macc@depth=\count286
\c@MaxMatrixCols=\count287
\dotsspace@=\muskip17
\c@parentequation=\count288
\dspbrk@lvl=\count289
\tag@help=\toks21
\row@=\count290
\column@=\count291
\maxfields@=\count292
\andhelp@=\toks22
\eqnshift@=\dimen167
\alignsep@=\dimen168
\tagshift@=\dimen169
\tagwidth@=\dimen170
\totwidth@=\dimen171
\lineht@=\dimen172
\@envbody=\toks23
\multlinegap=\skip56
\multlinetaggap=\skip57
\mathdisplay@stack=\toks24
LaTeX Info: Redefining \[ on input line 2859.
LaTeX Info: Redefining \] on input line 2860.
) (c:/texlive/2020/texmf-dist/tex/latex/amsfonts/amsfonts.sty
Package: amsfonts 2013/01/14 v3.01 Basic AMSFonts support
\symAMSa=\mathgroup7
\symAMSb=\mathgroup8
LaTeX Font Info:    Redeclaring math symbol \hbar on input line 98.
LaTeX Font Info:    Overwriting math alphabet `\mathfrak' in version `bold'
(Font)                  U/euf/m/n --> U/euf/b/n on input line 106.
) (c:/texlive/2020/texmf-dist/tex/latex/tools/tabularx.sty
Package: tabularx 2020/01/15 v2.11c `tabularx' package (DPC)
 (c:/texlive/2020/texmf-dist/tex/latex/tools/array.sty
Package: array 2019/08/31 v2.4l Tabular extension package (FMi)
\col@sep=\dimen173
\ar@mcellbox=\box60
\extrarowheight=\dimen174
\NC@list=\toks25
\extratabsurround=\skip58
\backup@length=\skip59
\ar@cellbox=\box61
)
\TX@col@width=\dimen175
\TX@old@table=\dimen176
\TX@old@col=\dimen177
\TX@target=\dimen178
\TX@delta=\dimen179
\TX@cols=\count293
\TX@ftn=\toks26
) (c:/texlive/2020/texmf-dist/tex/latex/booktabs/booktabs.sty
Package: booktabs 2020/01/12 v1.61803398 Publication quality tables
\heavyrulewidth=\dimen180
\lightrulewidth=\dimen181
\cmidrulewidth=\dimen182
\belowrulesep=\dimen183
\belowbottomsep=\dimen184
\aboverulesep=\dimen185
\abovetopsep=\dimen186
\cmidrulesep=\dimen187
\cmidrulekern=\dimen188
\defaultaddspace=\dimen189
\@cmidla=\count294
\@cmidlb=\count295
\@aboverulesep=\dimen190
\@belowrulesep=\dimen191
\@thisruleclass=\count296
\@lastruleclass=\count297
\@thisrulewidth=\dimen192
) (c:/texlive/2020/texmf-dist/tex/latex/multirow/multirow.sty
Package: multirow 2019/05/31 v2.5 Span multiple rows of a table
\multirow@colwidth=\skip60
\multirow@cntb=\count298
\multirow@dima=\skip61
\bigstrutjot=\dimen193
) (c:/texlive/2020/texmf-dist/tex/latex/makecell/makecell.sty
Package: makecell 2009/08/03 V0.1e Managing of Tab Column Heads and Cells
\rotheadsize=\dimen194
\c@nlinenum=\count299
\TeXr@lab=\toks27
) (c:/texlive/2020/texmf-dist/tex/latex/threeparttable/threeparttable.sty
Package: threeparttable 2003/06/13  v 3.0
\@tempboxb=\box62
) (c:/texlive/2020/texmf-dist/tex/latex/graphics/rotating.sty
Package: rotating 2016/08/11 v2.16d rotated objects in LaTeX
 (c:/texlive/2020/texmf-dist/tex/latex/base/ifthen.sty
Package: ifthen 2014/09/29 v1.1c Standard LaTeX ifthen package (DPC)
)
\c@r@tfl@t=\count300
\rotFPtop=\skip62
\rotFPbot=\skip63
\rot@float@box=\box63
\rot@mess@toks=\toks28
) (c:/texlive/2020/texmf-dist/tex/latex/tools/longtable.sty
Package: longtable 2020/01/07 v4.13 Multi-page Table package (DPC)
\LTleft=\skip64
\LTright=\skip65
\LTpre=\skip66
\LTpost=\skip67
\LTchunksize=\count301
\LTcapwidth=\dimen195
\LT@head=\box64
\LT@firsthead=\box65
\LT@foot=\box66
\LT@lastfoot=\box67
\LT@cols=\count302
\LT@rows=\count303
\c@LT@tables=\count304
\c@LT@chunks=\count305
\LT@p@ftn=\toks29
) (c:/texlive/2020/texmf-dist/tex/latex/caption/caption.sty
Package: caption 2020/01/03 v3.4h Customizing captions (AR)
 (c:/texlive/2020/texmf-dist/tex/latex/caption/caption3.sty
Package: caption3 2020/01/03 v1.8h caption3 kernel (AR)
Package caption3 Info: TeX engine: e-TeX on input line 61.
\captionmargin=\dimen196
\captionmargin@=\dimen197
\captionwidth=\dimen198
\caption@tempdima=\dimen199
\caption@indent=\dimen256
\caption@parindent=\dimen257
\caption@hangindent=\dimen258
Package caption Info: Standard document class detected.
)
\c@caption@flags=\count306
\c@continuedfloat=\count307
Package caption Info: hyperref package is loaded.
Package caption Info: longtable package is loaded.
 (c:/texlive/2020/texmf-dist/tex/latex/caption/ltcaption.sty
Package: ltcaption 2018/08/26 v1.4a longtable captions (AR)
)
Package caption Info: rotating package is loaded.
Package caption Info: threeparttable package is loaded.
) (c:/texlive/2020/texmf-dist/tex/latex/xcolor/xcolor.sty
Package: xcolor 2016/05/11 v2.12 LaTeX color extensions (UK)
 (c:/texlive/2020/texmf-dist/tex/latex/graphics-cfg/color.cfg
File: color.cfg 2016/01/02 v1.6 sample color configuration
)
Package xcolor Info: Driver file: pdftex.def on input line 225.
 (c:/texlive/2020/texmf-dist/tex/latex/colortbl/colortbl.sty
Package: colortbl 2020/01/04 v1.0e Color table columns (DPC)
\everycr=\toks30
\minrowclearance=\skip68
)
\rownum=\count308
Package xcolor Info: Model `cmy' substituted by `cmy0' on input line 1348.
Package xcolor Info: Model `hsb' substituted by `rgb' on input line 1352.
Package xcolor Info: Model `RGB' extended on input line 1364.
Package xcolor Info: Model `HTML' substituted by `rgb' on input line 1366.
Package xcolor Info: Model `Hsb' substituted by `hsb' on input line 1367.
Package xcolor Info: Model `tHsb' substituted by `hsb' on input line 1368.
Package xcolor Info: Model `HSB' substituted by `hsb' on input line 1369.
Package xcolor Info: Model `Gray' substituted by `gray' on input line 1370.
Package xcolor Info: Model `wave' substituted by `hsb' on input line 1371.
) (c:/texlive/2020/texmf-dist/tex/latex/natbib/natbib.sty
Package: natbib 2010/09/13 8.31b (PWD, AO)
\bibhang=\skip69
\bibsep=\skip70
LaTeX Info: Redefining \cite on input line 694.
\c@NAT@ctr=\count309
) (c:/texlive/2020/texmf-dist/tex/latex/uri/uri.sty
Package: uri 2018/09/06 v2.0b Hyperlinks URIs like DOI,HDL,NBN,PubMed (HMM)
) (c:/texlive/2020/texmf-dist/tex/latex/cjk/texinput/UTF8/UTF8.bdg
File: UTF8.bdg 2015/04/18 4.8.4
) (c:/texlive/2020/texmf-dist/tex/latex/cjk/texinput/UTF8/UTF8.enc
File: UTF8.enc 2015/04/18 4.8.4
) (c:/texlive/2020/texmf-dist/tex/latex/cjk/texinput/UTF8/UTF8.chr
File: UTF8.chr 2015/04/18 4.8.4
) (./Ching2014.aux)
\openout1 = `Ching2014.aux'.

LaTeX Font Info:    Checking defaults for OML/cmm/m/it on input line 72.
LaTeX Font Info:    ... okay on input line 72.
LaTeX Font Info:    Checking defaults for OMS/cmsy/m/n on input line 72.
LaTeX Font Info:    ... okay on input line 72.
LaTeX Font Info:    Checking defaults for OT1/cmr/m/n on input line 72.
LaTeX Font Info:    ... okay on input line 72.
LaTeX Font Info:    Checking defaults for T1/cmr/m/n on input line 72.
LaTeX Font Info:    ... okay on input line 72.
LaTeX Font Info:    Checking defaults for TS1/cmr/m/n on input line 72.
LaTeX Font Info:    ... okay on input line 72.
LaTeX Font Info:    Checking defaults for OMX/cmex/m/n on input line 72.
LaTeX Font Info:    ... okay on input line 72.
LaTeX Font Info:    Checking defaults for U/cmr/m/n on input line 72.
LaTeX Font Info:    ... okay on input line 72.
LaTeX Font Info:    Checking defaults for C00/song/m/n on input line 72.
LaTeX Font Info:    ... okay on input line 72.
LaTeX Font Info:    Checking defaults for C05/song/m/n on input line 72.
LaTeX Font Info:    ... okay on input line 72.
LaTeX Font Info:    Checking defaults for C09/song/m/n on input line 72.
LaTeX Font Info:    ... okay on input line 72.
LaTeX Font Info:    Checking defaults for C10/song/m/n on input line 72.
LaTeX Font Info:    ... okay on input line 72.
LaTeX Font Info:    Checking defaults for C20/song/m/n on input line 72.
LaTeX Font Info:    ... okay on input line 72.
LaTeX Font Info:    Checking defaults for C19/song/m/n on input line 72.
LaTeX Font Info:    ... okay on input line 72.
LaTeX Font Info:    Checking defaults for C40/song/m/n on input line 72.
LaTeX Font Info:    ... okay on input line 72.
LaTeX Font Info:    Checking defaults for C42/song/m/n on input line 72.
LaTeX Font Info:    ... okay on input line 72.
LaTeX Font Info:    Checking defaults for C43/song/m/n on input line 72.
LaTeX Font Info:    ... okay on input line 72.
LaTeX Font Info:    Checking defaults for C50/song/m/n on input line 72.
LaTeX Font Info:    ... okay on input line 72.
LaTeX Font Info:    Checking defaults for C52/song/m/n on input line 72.
LaTeX Font Info:    ... okay on input line 72.
LaTeX Font Info:    Checking defaults for C49/song/m/n on input line 72.
LaTeX Font Info:    ... okay on input line 72.
LaTeX Font Info:    Checking defaults for C60/mj/m/n on input line 72.
LaTeX Font Info:    ... okay on input line 72.
LaTeX Font Info:    Checking defaults for C61/mj/m/n on input line 72.
LaTeX Font Info:    ... okay on input line 72.
LaTeX Font Info:    Checking defaults for C63/mj/m/n on input line 72.
LaTeX Font Info:    ... okay on input line 72.
LaTeX Font Info:    Checking defaults for C64/mj/m/n on input line 72.
LaTeX Font Info:    ... okay on input line 72.
LaTeX Font Info:    Checking defaults for C65/mj/m/n on input line 72.
LaTeX Font Info:    ... okay on input line 72.
LaTeX Font Info:    Checking defaults for C70/song/m/n on input line 72.
LaTeX Font Info:    ... okay on input line 72.
LaTeX Font Info:    Checking defaults for C31/song/m/n on input line 72.
LaTeX Font Info:    ... okay on input line 72.
LaTeX Font Info:    Checking defaults for C32/song/m/n on input line 72.
LaTeX Font Info:    ... okay on input line 72.
LaTeX Font Info:    Checking defaults for C33/song/m/n on input line 72.
LaTeX Font Info:    ... okay on input line 72.
LaTeX Font Info:    Checking defaults for C34/song/m/n on input line 72.
LaTeX Font Info:    ... okay on input line 72.
LaTeX Font Info:    Checking defaults for C35/song/m/n on input line 72.
LaTeX Font Info:    ... okay on input line 72.
LaTeX Font Info:    Checking defaults for C36/song/m/n on input line 72.
LaTeX Font Info:    ... okay on input line 72.
LaTeX Font Info:    Checking defaults for C37/song/m/n on input line 72.
LaTeX Font Info:    ... okay on input line 72.
LaTeX Font Info:    Checking defaults for C80/song/m/n on input line 72.
LaTeX Font Info:    ... okay on input line 72.
LaTeX Font Info:    Checking defaults for C81/song/m/n on input line 72.
LaTeX Font Info:    ... okay on input line 72.
LaTeX Font Info:    Checking defaults for C01/song/m/n on input line 72.
LaTeX Font Info:    ... okay on input line 72.
LaTeX Font Info:    Checking defaults for C11/song/m/n on input line 72.
LaTeX Font Info:    ... okay on input line 72.
LaTeX Font Info:    Checking defaults for C21/song/m/n on input line 72.
LaTeX Font Info:    ... okay on input line 72.
LaTeX Font Info:    Checking defaults for C41/song/m/n on input line 72.
LaTeX Font Info:    ... okay on input line 72.
LaTeX Font Info:    Checking defaults for C62/song/m/n on input line 72.
LaTeX Font Info:    ... okay on input line 72.
LaTeX Font Info:    Checking defaults for PD1/pdf/m/n on input line 72.
LaTeX Font Info:    ... okay on input line 72.
LaTeX Font Info:    Checking defaults for PU/pdf/m/n on input line 72.
LaTeX Font Info:    ... okay on input line 72.
 ABD: EverySelectfont initializing macros
LaTeX Info: Redefining \selectfont on input line 72.
\AtBeginShipoutBox=\box68
Package hyperref Info: Link coloring ON on input line 72.
 (c:/texlive/2020/texmf-dist/tex/latex/hyperref/nameref.sty
Package: nameref 2019/09/16 v2.46 Cross-referencing by name of section
 (c:/texlive/2020/texmf-dist/tex/latex/refcount/refcount.sty
Package: refcount 2019/12/15 v3.6 Data extraction from label references (HO)
) (c:/texlive/2020/texmf-dist/tex/generic/gettitlestring/gettitlestring.sty
Package: gettitlestring 2019/12/15 v1.6 Cleanup title references (HO)
)
\c@section@level=\count310
)
LaTeX Info: Redefining \ref on input line 72.
LaTeX Info: Redefining \pageref on input line 72.
LaTeX Info: Redefining \nameref on input line 72.
 (./Ching2014.out) (./Ching2014.out)
\@outlinefile=\write3
\openout3 = `Ching2014.out'.

 (c:/texlive/2020/texmf-dist/tex/context/base/mkii/supp-pdf.mkii
[Loading MPS to PDF converter (version 2006.09.02).]
\scratchcounter=\count311
\scratchdimen=\dimen259
\scratchbox=\box69
\nofMPsegments=\count312
\nofMParguments=\count313
\everyMPshowfont=\toks31
\MPscratchCnt=\count314
\MPscratchDim=\dimen260
\MPnumerator=\count315
\makeMPintoPDFobject=\count316
\everyMPtoPDFconversion=\toks32
) (c:/texlive/2020/texmf-dist/tex/latex/epstopdf-pkg/epstopdf-base.sty
Package: epstopdf-base 2020-01-24 v2.11 Base part for package epstopdf
Package epstopdf-base Info: Redefining graphics rule for `.eps' on input line 485.
 (c:/texlive/2020/texmf-dist/tex/latex/latexconfig/epstopdf-sys.cfg
File: epstopdf-sys.cfg 2010/07/13 v1.3 Configuration of (r)epstopdf for TeX Live
))
*geometry* driver: auto-detecting
*geometry* detected driver: pdftex
*geometry* verbose mode - [ preamble ] result:
* driver: pdftex
* paper: a4paper
* layout: <same size as paper>
* layoutoffset:(h,v)=(0.0pt,0.0pt)
* modes: 
* h-part:(L,W,R)=(42.67912pt, 512.14963pt, 42.67912pt)
* v-part:(T,H,B)=(72.2698pt, 700.50723pt, 72.2698pt)
* \paperwidth=597.50787pt
* \paperheight=845.04684pt
* \textwidth=512.14963pt
* \textheight=700.50723pt
* \oddsidemargin=-29.59087pt
* \evensidemargin=-29.59087pt
* \topmargin=-37.00018pt
* \headheight=12.0pt
* \headsep=25.0pt
* \topskip=10.0pt
* \footskip=30.0pt
* \marginparwidth=65.0pt
* \marginparsep=11.0pt
* \columnsep=10.0pt
* \skip\footins=9.0pt plus 4.0pt minus 2.0pt
* \hoffset=0.0pt
* \voffset=0.0pt
* \mag=1000
* \@twocolumnfalse
* \@twosidefalse
* \@mparswitchfalse
* \@reversemarginfalse
* (1in=72.27pt=25.4mm, 1cm=28.453pt)

Package caption Info: Begin \AtBeginDocument code.
Package caption Info: End \AtBeginDocument code.
LaTeX Font Info:    Trying to load font information for C70+rm on input line 75.
(c:/texlive/2020/texmf-dist/tex/latex/ctex/fd/c70rm.fd
File: c70rm.fd 2019/05/29 v2.4.16 Chinese font definition (CTEX)
)
LaTeX Font Info:    Trying to load font information for U+msa on input line 75.
 (c:/texlive/2020/texmf-dist/tex/latex/amsfonts/umsa.fd
File: umsa.fd 2013/01/14 v3.01 AMS symbols A
)
LaTeX Font Info:    Trying to load font information for U+msb on input line 75.
 (c:/texlive/2020/texmf-dist/tex/latex/amsfonts/umsb.fd
File: umsb.fd 2013/01/14 v3.01 AMS symbols B
)
Package CJKpunct Info: use punctuation spaces for family 'rm' with punctstyle (quanjiao) on input line 81.

Underfull \hbox (badness 4713) in paragraph at lines 87--88
[]\C70/rm/m/n/10/67 , \C70/rm/m/n/10/78 ^^T \C70/rm/m/n/10/7a v \C70/rm/m/n/10/6c G \C70/rm/m/n/10/7f ^^V \C70/rm/m/n/10/4e † \C70/rm/m/n/10/67 e \C70/rm/m/n/10/81 ê\OT1/cmr/m/n/10 251\C70/rm/m/n/10/4e * \C70/rm/m/n/10/78 ^^T \C70/rm/m/n/10/7a v \C70/rm/m/n/10/76 „\OT1/cmr/m/n/10 10\C70/rm/m/n/10/4e * \C70/rm/m/n/10/7c ˜
 []

(./sections/section-1.tex
Underfull \hbox (badness 3312) in paragraph at lines 10--11
\C70/rm/m/n/10/50 !|\C70/rm/m/n/10/ff ^^L| \C70/rm/m/n/10/5b ù \C70/rm/m/n/10/5c © \C70/rm/m/n/10/57 ^^_ \C70/rm/m/n/10/5d å \C70/rm/m/n/10/7a \OT1/cmr/m/n/10 RBD\C70/rm/m/n/10/65 ¹ \C70/rm/m/n/10/7a  \C70/rm/m/n/10/76 „ \C70/rm/m/n/10/68 ^^G \C70/rm/m/n/10/5b š \C70/rm/m/n/10/5e ” \C70/rm/m/n/10/57 ( \C70/rm/m/n/10/66 ^^N \C70/rm/m/n/10/78 n
 []

(c:/texlive/2020/texmf-dist/tex/generic/ctex/zhwindowsfonts.tex
File: zhwindowsfonts.tex 2019/05/29 v2.4.16 Windows font map loader for pdfTeX and DVIPDFMx (CTEX)
) [1

]
Underfull \hbox (badness 3108) in paragraph at lines 19--20
\C70/rm/m/n/10/76 „ \C70/rm/m/n/10/62 ^^P \C70/rm/m/n/10/71 Ÿ \C70/rm/m/n/10/98 † \C70/rm/m/n/10/57 ß|\C70/rm/m/n/10/30 ^^B| \C70/rm/m/n/10/7c ¾ \C70/rm/m/n/10/66 ^^N \C70/rm/m/n/10/76 „ \C70/rm/m/n/10/4e Î ^^Z º \C70/rm/m/n/10/54 X \C70/rm/m/n/10/4f ^^Z \C70/rm/m/n/10/5f ˆ \C70/rm/m/n/10/5b ¹ \C70/rm/m/n/10/66 ^^S \C70/rm/m/n/10/57 0
 []

[2] [3] (./tables/table-1.tex
Overfull \vbox (1.48122pt too high) detected at line 25
 []


Overfull \vbox (1.48122pt too high) detected at line 25
 []


Overfull \vbox (1.48122pt too high) detected at line 25
 []


Overfull \vbox (1.48122pt too high) detected at line 25
 []


Overfull \vbox (1.48122pt too high) detected at line 25
 []


Overfull \vbox (1.48122pt too high) detected at line 25
 []

) [4]) (./sections/section-2.tex
Overfull \hbox (0.44907pt too wide) in paragraph at lines 10--11
\C70/rm/m/n/10/54 Œ\OT1/cmr/m/n/10 Robertson\C70/rm/m/n/10/76 „\OT1/cmr/m/n/10 CPTU\C70/rm/m/n/10/57 ^^_ \C70/rm/m/n/10/4f S \C70/rm/m/n/10/52 ^^F \C70/rm/m/n/10/7c { \C70/rm/m/n/10/56 þ\OT1/cmr/m/n/10 ([][]Robertson[][],
 []

[5] (./figures/figure-1.tex
<figures/figure-1.png, id=377, 838.332pt x 359.54324pt>
File: figures/figure-1.png Graphic file (type png)
<use figures/figure-1.png>
Package pdftex.def Info: figures/figure-1.png  used on input line 3.
(pdftex.def)             Requested size: 409.72125pt x 175.72237pt.
)
Overfull \hbox (6.4801pt too wide) in paragraph at lines 20--21
\OT1/cmr/m/n/10 tive stress ($\OML/cmm/m/it/10 ^^[[]=P[]$\OT1/cmr/m/n/10 , where $\OML/cmm/m/it/10 P[]$ \OT1/cmr/m/n/10 is one at-mo-sphere pres-sure (=101.3$[]$)),
 []


Underfull \hbox (badness 4416) in paragraph at lines 31--32
\C70/rm/m/n/10/56 à \C70/rm/m/n/10/4e :$\OML/cmm/m/it/10 s[]$\C70/rm/m/n/10/53 Ö \C70/rm/m/n/10/51 ³ \C70/rm/m/n/10/4e Ž \C70/rm/m/n/10/5e ” \C70/rm/m/n/10/52 › \C70/rm/m/n/10/72 ¶ \C70/rm/m/n/10/60 ^^A|\C70/rm/m/n/10/ff ^^L| \C70/rm/m/n/10/5e ” \C70/rm/m/n/10/53 Ø \C70/rm/m/n/10/73 ‡ \C70/rm/m/n/10/54 Œ \C70/rm/m/n/10/91 Ç \C70/rm/m/n/10/68 7 \C70/rm/m/n/10/62 p
 []


Overfull \hbox (11.72556pt too wide) in paragraph at lines 31--32
\C70/rm/m/n/10/8b Õ \C70/rm/m/n/10/7c { \C70/rm/m/n/10/57 ‹ \C70/rm/m/n/10/76 „ \C70/rm/m/n/10/4e ^^M \C70/rm/m/n/10/63 ’ \C70/rm/m/n/10/6c 4 \C70/rm/m/n/10/52 j ^^G \C70/rm/m/n/10/5f : \C70/rm/m/n/10/5e ¦ \C70/rm/m/n/10/8f l \C70/rm/m/n/10/63 b \C70/rm/m/n/10/4e : \C70/rm/m/n/10/53 Â \C70/rm/m/n/10/80 ^^C$\OML/cmm/m/it/10 s[]\OT1/cmr/m/n/10 ([])$\C70/rm/m/n/10/76 „
 []

[6 <./figures/figure-1.png>] (./tables/table-2.tex
Overfull \hbox (3.2645pt too wide) in alignment at lines 26--26
[][][] 
 []

)
Overfull \hbox (15.02394pt too wide) in paragraph at lines 44--45
\C70/rm/m/n/10/91 Ï \C70/rm/m/n/10/7e ² \C70/rm/m/n/10/76 „ \C70/rm/m/n/10/61 ^^_ \C70/rm/m/n/10/51 t \C70/rm/m/n/10/8d £ \C70/rm/m/n/10/53 Â \C70/rm/m/n/10/65 p|\C70/rm/m/n/10/ff ^^L| \C70/rm/m/n/10/4f ‹ \C70/rm/m/n/10/59 ‚$\OML/cmm/m/it/10 s[]=^^[[]$|\C70/rm/m/n/10/ff ^^L| \OT1/cmr/m/n/10 OCR\C70/rm/m/n/10/54 Œ$\OML/cmm/m/it/10 s[]=P[]$|\C70/rm/m/n/10/30 ^^B|
 []


Underfull \hbox (badness 4673) in paragraph at lines 44--45
\C70/rm/m/n/10/54 ^^L$\OML/cmm/m/it/10 s[]=^^[[]$|\C70/rm/m/n/10/ff ^^L| \OT1/cmr/m/n/10 OCR\C70/rm/m/n/10/54 Œ$\OML/cmm/m/it/10 s[]=P[]$\C70/rm/m/n/10/4e ^^@ \C70/rm/m/n/10/8d w \C70/rm/m/n/10/76 „\OT1/cmr/m/n/10 10\C70/rm/m/n/10/4e * \C70/rm/m/n/10/57 ú \C70/rm/m/n/10/67 , \C70/rm/m/n/10/53 Â
 []

[7] (./tables/table-3-4.tex)) (./sections/section-3.tex (./tables/table-5.tex
Overfull \hbox (19.71233pt too wide) in paragraph at lines 68--109
 [][][] 
 []

) [8] [9]
Overfull \hbox (34.99939pt too wide) in paragraph at lines 35--36
[] \OMS/cmsy/m/n/10 ^^@ \OT1/cmr/m/n/10 (s[]\OML/cmm/m/it/10 =^^[[]\OT1/cmr/m/n/10 )$ mod-els, four CPTU{OCR mod-els,  and five $[]$
 []


Overfull \hbox (0.14328pt too wide) in paragraph at lines 41--42
[]\C70/rm/m/n/10/8f Ù\OT1/cmr/m/n/10 24\C70/rm/m/n/10/4e * \C70/rm/m/n/10/8f l \C70/rm/m/n/10/63 b \C70/rm/m/n/10/6a ! \C70/rm/m/n/10/57 ‹ \C70/rm/m/n/10/4f ^^? \C70/rm/m/n/10/75 ( \C70/rm/m/n/10/4e å  \C70/rm/m/n/10/6a ! \C70/rm/m/n/10/67 ^^? \C70/rm/m/n/10/68 ^^G \C70/rm/m/n/10/8b °|\C70/rm/m/n/10/ff ^^Z||^^H|\C70/rm/m/n/10/4e ;
 []


Overfull \hbox (4.45036pt too wide) in paragraph at lines 45--46
\C70/rm/m/n/10/62 ì\OT1/cmr/m/n/10 1\C70/rm/m/n/10/4e *$[] \OMS/cmsy/m/n/10 ^^@ \OT1/cmr/m/n/10 (\OML/cmm/m/it/10 ^^[[]=\OT1/cmr/m/n/10 P[]) \OMS/cmsy/m/n/10 ^^@ \OT1/cmr/m/n/10 S[]$\C70/rm/m/n/10/6a ! \C70/rm/m/n/10/57 ‹ \C70/rm/m/n/10/54 Œ\OT1/cmr/m/n/10 3\C70/rm/m/n/10/4e *$[] \OMS/cmsy/m/n/10 ^^@ \OT1/cmr/m/n/10 (\OML/cmm/m/it/10 ^^[[]=\OT1/cmr/m/n/10 P[]) \OMS/cmsy/m/n/10 ^^@
 []


Underfull \hbox (badness 3954) in paragraph at lines 49--50
\OML/cmm/m/it/10 s[]=^^[[]$\C70/rm/m/n/10/50 < \C70/rm/m/n/10/66 / \C70/rm/m/n/10/4e Î\OT1/cmr/m/n/10 CIUC\C70/rm/m/n/10/8b Õ \C70/rm/m/n/10/9a Œ \C70/rm/m/n/10/83 · \C70/rm/m/n/10/5f — \C70/rm/m/n/10/76 „|\C70/rm/m/n/10/30 ^^B| \C70/rm/m/n/10/5b ù \C70/rm/m/n/10/4e Ž\OT1/cmr/m/n/10 NC\C70/rm/m/n/10/7c ˜
 []


Overfull \hbox (12.01387pt too wide) in paragraph at lines 49--50
\C70/rm/m/n/10/57 ^^_|\C70/rm/m/n/10/ff ^^L| $\OML/cmm/m/it/10 s[]\OT1/cmr/m/n/10 ([])\OML/cmm/m/it/10 =^^[[]$\C70/rm/m/n/10/4f 0 \C70/rm/m/n/10/8b ¡ \C70/rm/m/n/10/4e :\OT1/cmr/m/n/10 0.37|\C70/rm/m/n/10/ff ^^L| \C70/rm/m/n/10/80 ^^L$\OML/cmm/m/it/10 s[]\OT1/cmr/m/n/10 ([])\OML/cmm/m/it/10 =^^[[]$\C70/rm/m/n/10/7e ¦
 []


Overfull \hbox (2.72223pt too wide) in paragraph at lines 51--52
\C70/rm/m/n/10/62 ì\OT1/cmr/m/n/10 3\C70/rm/m/n/10/4e *$[] \OMS/cmsy/m/n/10 ^^@ \OT1/cmr/m/n/10 (s[]\OML/cmm/m/it/10 =^^[[]\OT1/cmr/m/n/10 )$\C70/rm/m/n/10/6a ! \C70/rm/m/n/10/57 ‹\OT1/cmr/m/n/10 ,4\C70/rm/m/n/10/4e *\OT1/cmr/m/n/10 CPTU{OCR\C70/rm/m/n/10/6a !
 []


Overfull \hbox (40.53244pt too wide) in paragraph at lines 53--54
[]\C70/rm/m/n/10/8b ÷ \C70/rm/m/n/10/6c è \C70/rm/m/n/10/61 ^^O|\C70/rm/m/n/10/ff ^^L| \C70/rm/m/n/10/5b ù \C70/rm/m/n/10/4e Ž[][]\OT1/cmr/m/n/10 Ching and Phoon[][] ([][]2012a[][])\C70/rm/m/n/10/76 „$[] \OMS/cmsy/m/n/10 ^^@
 []


Underfull \hbox (badness 3250) in paragraph at lines 53--54
\OT1/cmr/m/n/10 (s[]\OML/cmm/m/it/10 =^^[[]\OT1/cmr/m/n/10 )$\C70/rm/m/n/10/6a ! \C70/rm/m/n/10/57 ‹|\C70/rm/m/n/10/ff ^^L| \C70/rm/m/n/10/76 î \C70/rm/m/n/10/68 ^^G \C70/rm/m/n/10/53 Â \C70/rm/m/n/10/65 p \C70/rm/m/n/10/5b ž \C70/rm/m/n/10/96 E \C70/rm/m/n/10/4e 
 \C70/rm/m/n/10/66 / \C70/rm/m/n/10/57 ^^F \C70/rm/m/n/10/95 % \C70/rm/m/n/10/56 à \C70/rm/m/n/10/5b P
 []


Overfull \hbox (1.94882pt too wide) in paragraph at lines 62--63
\C70/rm/m/n/10/9a Œ \C70/rm/m/n/10/4f ^^? \C70/rm/m/n/10/75 ( \C70/rm/m/n/10/56 Þ \C70/rm/m/n/10/5f R \C70/rm/m/n/10/52 ^^F \C70/rm/m/n/10/67  \C70/rm/m/n/10/5f — \C70/rm/m/n/10/51 ú \C70/rm/m/n/10/76 „|\C70/rm/m/n/10/30 ^^B| \C70/rm/m/n/10/55 / \C70/rm/m/n/10/4e ^^@ \C70/rm/m/n/10/76 „ \C70/rm/m/n/10/4f ‹ \C70/rm/m/n/10/59 ^^V \C70/rm/m/n/10/66 /[][]\OT1/cmr/m/n/10 Wroth
 []


Overfull \hbox (18.93785pt too wide) in paragraph at lines 62--63
\C70/rm/m/n/10/65 p \C70/rm/m/n/10/63 n \C70/rm/m/n/10/67 „ \C70/rm/m/n/10/90   \C70/rm/m/n/10/76 „ |\C70/rm/m/n/10/ff ^^H|\C70/rm/m/n/10/88 h[][]\OT1/cmr/m/n/10 1[][]\C70/rm/m/n/10/4e - \C70/rm/m/n/10/76 „ \C70/rm/m/n/10/65 p \C70/rm/m/n/10/63 n \C70/rm/m/n/10/5e “\OT1/cmr/m/n/10 CLAY/5/535|\C70/rm/m/n/10/ff 	||^^[||^^H|\OT1/cmr/m/n/10 ii|\C70/rm/m/n/10/ff 	|
 []


Overfull \hbox (5.24655pt too wide) in paragraph at lines 62--63
\OT1/cmr/m/n/10 S[]$\C70/rm/m/n/10/6a ! \C70/rm/m/n/10/57 ‹|\C70/rm/m/n/10/ff ^^L||^^H|\OT1/cmr/m/n/10 ii|\C70/rm/m/n/10/ff 	| [][]\OT1/cmr/m/n/10 NAVFAC[][] ([][]1982[][])\C70/rm/m/n/10/76 „$[] \OMS/cmsy/m/n/10 ^^@ \OT1/cmr/m/n/10 (\OML/cmm/m/it/10 ^^[[]=\OT1/cmr/m/n/10 P[]) \OMS/cmsy/m/n/10 ^^@
 []

[10] (./figures/figure-2-14.tex
<figures/figure-2.png, id=721, 576.9555pt x 481.8pt>
File: figures/figure-2.png Graphic file (type png)
<use figures/figure-2.png>
Package pdftex.def Info: figures/figure-2.png  used on input line 5.
(pdftex.def)             Requested size: 245.82962pt x 205.28058pt.
<figures/figure-3.png, id=738, 582.37575pt x 490.83376pt>
File: figures/figure-3.png Graphic file (type png)
<use figures/figure-3.png>
Package pdftex.def Info: figures/figure-3.png  used on input line 16.
(pdftex.def)             Requested size: 245.82962pt x 207.1898pt.
<figures/figure-4.png, id=755, 728.7225pt x 681.747pt>
File: figures/figure-4.png Graphic file (type png)
<use figures/figure-4.png>
Package pdftex.def Info: figures/figure-4.png  used on input line 31.
(pdftex.def)             Requested size: 245.82962pt x 229.98085pt.
<figures/figure-5.png, id=764, 729.927pt x 684.75826pt>
File: figures/figure-5.png Graphic file (type png)
<use figures/figure-5.png>
Package pdftex.def Info: figures/figure-5.png  used on input line 42.
(pdftex.def)             Requested size: 245.82962pt x 230.61008pt.
<figures/figure-6.png, id=773, 578.16pt x 488.42474pt>
File: figures/figure-6.png Graphic file (type png)
<use figures/figure-6.png>
Package pdftex.def Info: figures/figure-6.png  used on input line 57.
(pdftex.def)             Requested size: 245.82962pt x 207.67091pt.
<figures/figure-7.png, id=782, 720.291pt x 684.75826pt>
File: figures/figure-7.png Graphic file (type png)
<use figures/figure-7.png>
Package pdftex.def Info: figures/figure-7.png  used on input line 68.
(pdftex.def)             Requested size: 245.82962pt x 233.70285pt.
<figures/figure-8.png, id=791, 569.7285pt x 489.027pt>
File: figures/figure-8.png Graphic file (type png)
<use figures/figure-8.png>
Package pdftex.def Info: figures/figure-8.png  used on input line 83.
(pdftex.def)             Requested size: 245.82962pt x 211.00877pt.
<figures/figure-9.png, id=800, 575.14874pt x 478.78876pt>
File: figures/figure-9.png Graphic file (type png)
<use figures/figure-9.png>
Package pdftex.def Info: figures/figure-9.png  used on input line 94.
(pdftex.def)             Requested size: 245.82962pt x 204.64047pt.
<figures/figure-10.png, id=813, 575.751pt x 483.0045pt>
File: figures/figure-10.png Graphic file (type png)
<use figures/figure-10.png>
Package pdftex.def Info: figures/figure-10.png  used on input line 109.
(pdftex.def)             Requested size: 245.82962pt x 206.2286pt.
<figures/figure-11.png, id=822, 717.882pt x 617.30624pt>
File: figures/figure-11.png Graphic file (type png)
<use figures/figure-11.png>
Package pdftex.def Info: figures/figure-11.png  used on input line 120.
(pdftex.def)             Requested size: 245.82962pt x 211.38843pt.
<figures/figure-12.png, id=831, 805.20825pt x 410.7345pt>
File: figures/figure-12.png Graphic file (type png)
<use figures/figure-12.png>
Package pdftex.def Info: figures/figure-12.png  used on input line 135.
(pdftex.def)             Requested size: 245.82962pt x 125.39604pt.
<figures/figure-13.png, id=840, 820.2645pt x 425.1885pt>
File: figures/figure-13.png Graphic file (type png)
<use figures/figure-13.png>
Package pdftex.def Info: figures/figure-13.png  used on input line 146.
(pdftex.def)             Requested size: 245.82962pt x 127.42776pt.
<figures/figure-14.png, id=857, 807.61725pt x 428.802pt>
File: figures/figure-14.png Graphic file (type png)
<use figures/figure-14.png>
Package pdftex.def Info: figures/figure-14.png  used on input line 159.
(pdftex.def)             Requested size: 256.07481pt x 135.96318pt.
)
Underfull \hbox (badness 6364) in paragraph at lines 84--85
[]\C70/rm/m/n/10/8f l \C70/rm/m/n/10/63 b \C70/rm/m/n/10/6a ! \C70/rm/m/n/10/57 ‹ \C70/rm/m/n/10/4e ^^N \C70/rm/m/n/10/65 p \C70/rm/m/n/10/63 n \C70/rm/m/n/10/5e “ \C70/rm/m/n/10/4e K \C70/rm/m/n/10/95 ô \C70/rm/m/n/10/76 „ \C70/rm/m/n/10/6b Ô \C70/rm/m/n/10/8f ƒ \C70/rm/m/n/10/7e Ó \C70/rm/m/n/10/67 œ \C70/rm/m/n/10/59 ‚
 []


Overfull \hbox (6.02321pt too wide) in paragraph at lines 96--97
[]\OT1/cmr/m/n/10 6. [][]Chen and Mayne[][] ([][]1996[][])\C70/rm/m/n/10/63 Ð \C70/rm/m/n/10/51 ú \C70/rm/m/n/10/76 „$[] \OMS/cmsy/m/n/10 ^^@
 []


Overfull \hbox (9.55595pt too wide) in paragraph at lines 96--97
\OT1/cmr/m/n/10 Mayne[][] ([][]1996[][])\C70/rm/m/n/10/5f ^^@ \C70/rm/m/n/10/53 Ñ \C70/rm/m/n/10/76 „ \C70/rm/m/n/10/52 M \C70/rm/m/n/10/4e $ * \C70/rm/m/n/10/6a ! \C70/rm/m/n/10/57 ‹ |\C70/rm/m/n/10/ff ^^H|$\OML/cmm/m/it/10 ^^[[]=P[]$\C70/rm/m/n/10/4e ^^N$\OT1/cmr/m/n/10 (\OML/cmm/m/it/10 q[] \OMS/cmsy/m/n/10 ^^@
 []

[11] [12 <./figures/figure-2.png> <./figures/figure-3.png> <./figures/figure-4.png> <./figures/figure-5.png>] [13 <./figures/figure-6.png> <./figures/figure-7.png> <./figures/figure-8.png> <./figures/figure-9.png>] [14 <./figures/figure-10.png> <./figures/figure-11.png> <./figures/figure-12.png> <./figures/figure-13.png> <./figures/figure-14.png>]) (./sections/section-4.tex
Overfull \hbox (79.68867pt too wide) in paragraph at lines 10--11
\C70/rm/m/n/10/7b — |\C70/rm/m/n/10/ff ^^H|\C70/rm/m/n/10/5b ž \C70/rm/m/n/10/96 E \C70/rm/m/n/10/76 î \C70/rm/m/n/10/68 ^^G \C70/rm/m/n/10/50 <|\C70/rm/m/n/10/ff 	| \OT1/cmr/m/n/10 / |\C70/rm/m/n/10/ff ^^H|\C70/rm/m/n/10/98 „ \C70/rm/m/n/10/6d K \C70/rm/m/n/10/76 î \C70/rm/m/n/10/68 ^^G \C70/rm/m/n/10/50 <|\C70/rm/m/n/10/ff 	| \OT1/cmr/m/n/10 = $(\OML/cmm/m/it/10 s[]=P[]\OT1/cmr/m/n/10 )\OML/cmm/m/it/10 =\OT1/cmr/m/n/10 (0\OML/cmm/m/it/10 :\OT1/cmr/m/n/10 0144[][])$|\C70/rm/m/n/10/30 ^^B|
 []


Underfull \hbox (badness 7981) in paragraph at lines 10--11
\C70/rm/m/n/10/6b Ô \C70/rm/m/n/10/50 < \C70/rm/m/n/10/76 „ ô \C70/rm/m/n/10/65 ¹ \C70/rm/m/n/10/56 þ$\OT1/cmr/m/n/10 (\OML/cmm/m/it/10 s[]=P[]\OT1/cmr/m/n/10 )\OML/cmm/m/it/10 =\OT1/cmr/m/n/10 (0\OML/cmm/m/it/10 :\OT1/cmr/m/n/10 0144[][])$\C70/rm/m/n/10/7e Ø \C70/rm/m/n/10/52 6
 []


Underfull \hbox (badness 3930) in paragraph at lines 10--11
\C70/rm/m/n/10/57 ( \C70/rm/m/n/10/56 þ[][]\OT1/cmr/m/n/10 15[][]\C70/rm/m/n/10/4e -|\C70/rm/m/n/10/30 ^^B| \C70/rm/m/n/10/8b å \C70/rm/m/n/10/6b Ô \C70/rm/m/n/10/50 < \C70/rm/m/n/10/76 „ \C70/rm/m/n/10/68 7 \C70/rm/m/n/10/67 , \C70/rm/m/n/10/5e s \C70/rm/m/n/10/57 G \C70/rm/m/n/10/50 < \C70/rm/m/n/10/7b I \C70/rm/m/n/10/4e Ž\OT1/cmr/m/n/10 1.92|\C70/rm/m/n/10/ff ^^L|
 []

(./figures/figure-15.tex
<figures/figure-15.png, id=970, 567.92175pt x 498.663pt>
File: figures/figure-15.png Graphic file (type png)
<use figures/figure-15.png>
Package pdftex.def Info: figures/figure-15.png  used on input line 3.
(pdftex.def)             Requested size: 256.07481pt x 224.8452pt.
)
Underfull \hbox (badness 7777) in paragraph at lines 25--26
\C70/rm/m/n/10/80 ^^L \C70/rm/m/n/10/8b å \C70/rm/m/n/10/6a ! \C70/rm/m/n/10/57 ‹ \C70/rm/m/n/10/76 „\OT1/cmr/m/n/10 COV\C70/rm/m/n/10/7e ¦ \C70/rm/m/n/10/4e :\OT1/cmr/m/n/10 1.25|\C70/rm/m/n/10/30 ^^B| \C70/rm/m/n/10/8b å \C70/rm/m/n/10/6a ! \C70/rm/m/n/10/57 ‹ ú \C70/rm/m/n/10/67 , \C70/rm/m/n/10/4e 

 []


Overfull \hbox (40.27284pt too wide) has occurred while \output is active
\OT1/cmr/m/sl/10 4 BIASES AND UNCERTAINTIES OF THE EXISTING TRANSFORMATION MODELS \C70/rm/m/sl/10/73 ° \C70/rm/m/sl/10/67 	 \C70/rm/m/sl/10/8f l \C70/rm/m/sl/10/63 b \C70/rm/m/sl/10/6a ! \C70/rm/m/sl/10/57 ‹ \C70/rm/m/sl/10/76 „ \C70/rm/m/sl/10/50 O \C70/rm/m/sl/10/5d î \C70/rm/m/sl/10/54 Œ \C70/rm/m/sl/10/4e ^^M \C70/rm/m/sl/10/78 n \C70/rm/m/sl/10/5b š \C70/rm/m/sl/10/60 ' \OT1/cmr/m/n/10 15
 []

[15]

LaTeX Warning: Command \textendash invalid in math mode on input line 30.


LaTeX Warning: Command \textendash invalid in math mode on input line 34.


Overfull \hbox (6.90485pt too wide) in paragraph at lines 34--35
\OT1/cmr/m/n/10 Mayne[][] ([][]1996[][])\C70/rm/m/n/10/4e å \C70/rm/m/n/10/53 Ê[][]\OT1/cmr/m/n/10 Ching and Phoon[][] ([][]2012a[][],[][]b[][])|\C70/rm/m/n/10/ff ^^L|
 []


Overfull \hbox (10.38556pt too wide) in paragraph at lines 34--35
\OT1/cmr/m/n/10 and Phoon[][] ([][]2012b[][])\C70/rm/m/n/10/5f ^^@ \C70/rm/m/n/10/53 Ñ \C70/rm/m/n/10/76 „$[]\OT1/cmr/m/n/10 {S[]$|\C70/rm/m/n/10/ff ^^L| $[] \OMS/cmsy/m/n/10 ^^@ \OT1/cmr/m/n/10 (\OML/cmm/m/it/10 ^^[[]=\OT1/cmr/m/n/10 P[]) \OMS/cmsy/m/n/10 ^^@
 []


Overfull \hbox (40.27284pt too wide) has occurred while \output is active
\OT1/cmr/m/sl/10 4 BIASES AND UNCERTAINTIES OF THE EXISTING TRANSFORMATION MODELS \C70/rm/m/sl/10/73 ° \C70/rm/m/sl/10/67 	 \C70/rm/m/sl/10/8f l \C70/rm/m/sl/10/63 b \C70/rm/m/sl/10/6a ! \C70/rm/m/sl/10/57 ‹ \C70/rm/m/sl/10/76 „ \C70/rm/m/sl/10/50 O \C70/rm/m/sl/10/5d î \C70/rm/m/sl/10/54 Œ \C70/rm/m/sl/10/4e ^^M \C70/rm/m/sl/10/78 n \C70/rm/m/sl/10/5b š \C70/rm/m/sl/10/60 ' \OT1/cmr/m/n/10 16
 []

[16 <./figures/figure-15.png>]
Overfull \hbox (11.36546pt too wide) in paragraph at lines 66--67
[]\C70/rm/m/n/10/75 1 \C70/rm/m/n/10/4e Ž å  	 \C70/rm/m/n/10/79 Í \C70/rm/m/n/10/53 ï \C70/rm/m/n/10/80 ý \C70/rm/m/n/10/76 „ \C70/rm/m/n/10/53 Ÿ \C70/rm/m/n/10/56 à|\C70/rm/m/n/10/ff ^^L| \C70/rm/m/n/10/88 h[][]\OT1/cmr/m/n/10 5[][]\C70/rm/m/n/10/4e - \C70/rm/m/n/10/76 „\OT1/cmr/m/n/10 COV\C70/rm/m/n/10/90 ^^Z
 []


Overfull \hbox (7.69339pt too wide) in paragraph at lines 70--71
\C70/rm/m/n/10/4e :\OT1/cmr/m/n/10 su\C70/rm/m/n/10/96  \C70/rm/m/n/10/6d K \C70/rm/m/n/10/8b Õ \C70/rm/m/n/10/7c { \C70/rm/m/n/10/57 ‹ \C70/rm/m/n/10/80 ^^L \C70/rm/m/n/10/53 Ø ^^V \C70/rm/m/n/10/5f ˆ \C70/rm/m/n/10/59 '\OT1/cmr/m/n/10 ([][]Ladd et al.[][], [][]1977[][])|\C70/rm/m/n/10/30 ^^B|
 []


Underfull \hbox (badness 10000) in paragraph at lines 70--71

 []


Overfull \hbox (13.38438pt too wide) in paragraph at lines 72--73
[]\OT1/cmr/m/n/10 3. [][]Ching and Phoon[][] ([][]2012a[][])\C70/rm/m/n/10/4e - \C70/rm/m/n/10/94 ˆ \C70/rm/m/n/10/5b ù$[] \OMS/cmsy/m/n/10 ^^@
 []


Underfull \hbox (badness 5652) in paragraph at lines 72--73
\OT1/cmr/m/n/10 (s[]\OML/cmm/m/it/10 =^^[[]\OT1/cmr/m/n/10 )$\C70/rm/m/n/10/8f l \C70/rm/m/n/10/63 b \C70/rm/m/n/10/6a ! \C70/rm/m/n/10/57 ‹ \C70/rm/m/n/10/60 ; \C70/rm/m/n/10/7e Ó \C70/rm/m/n/10/76 „\OT1/cmr/m/n/10 COV\C70/rm/m/n/10/4e ^^M \C70/rm/m/n/10/53 ^^E \C70/rm/m/n/10/62 ì \C70/rm/m/n/10/6d K \C70/rm/m/n/10/91 Ï \C70/rm/m/n/10/8b ï
 []


Overfull \hbox (4.54996pt too wide) in paragraph at lines 81--82
\OT1/cmr/m/n/10 s[]\OML/cmm/m/it/10 =\OT1/cmr/m/n/10 P[]$\C70/rm/m/n/10/6a ! \C70/rm/m/n/10/57 ‹|\C70/rm/m/n/10/ff ^^L| $\OML/cmm/m/it/10 s[]=P[]$\C70/rm/m/n/10/76 „ \C70/rm/m/n/10/98 „ \C70/rm/m/n/10/6d K \C70/rm/m/n/10/50 < \C70/rm/m/n/10/4e :$\OT1/cmr/m/n/10 0\OML/cmm/m/it/10 :\OT1/cmr/m/n/10 0144[][]$|\C70/rm/m/n/10/30 ^^B|
 []


Overfull \hbox (2.86632pt too wide) in paragraph at lines 81--82
\C70/rm/m/n/10/5e “ \C70/rm/m/n/10/8f Û \C70/rm/m/n/10/88 L \C70/rm/m/n/10/4e † \C70/rm/m/n/10/68 ! \C70/rm/m/n/10/51 Æ|\C70/rm/m/n/10/30 ^^B| \C70/rm/m/n/10/7e Ó \C70/rm/m/n/10/67 œ|\C70/rm/m/n/10/ff ^^L| \C70/rm/m/n/10/68 ! \C70/rm/m/n/10/51 Æ \C70/rm/m/n/10/54 ^^N \C70/rm/m/n/10/76 „ \C70/rm/m/n/10/6a ! \C70/rm/m/n/10/57 ‹$\OML/cmm/m/it/10 s[]=P[] \OMS/cmsy/m/n/10 ^^Y
 []

) (./sections/section-5.tex
Underfull \hbox (badness 3108) in paragraph at lines 10--11
\C70/rm/m/n/10/53 Ÿ \C70/rm/m/n/10/56 à \C70/rm/m/n/10/66 /|\C70/rm/m/n/10/ff ^^L| \C70/rm/m/n/10/51 v \C70/rm/m/n/10/4e Ö \C70/rm/m/n/10/89 ã \C70/rm/m/n/10/91 Ê \C70/rm/m/n/10/53 Ø \C70/rm/m/n/10/91 Ï \C70/rm/m/n/10/67 * \C70/rm/m/n/10/54 ^^H \C70/rm/m/n/10/5e v \C70/rm/m/n/10/52 0 \C70/rm/m/n/10/8f l \C70/rm/m/n/10/63 b \C70/rm/m/n/10/6a ! \C70/rm/m/n/10/57 ‹
 []


Underfull \hbox (badness 7777) in paragraph at lines 10--11
\C70/rm/m/n/10/6b d \C70/rm/m/n/10/6a ! \C70/rm/m/n/10/57 ‹|\C70/rm/m/n/10/ff ^^L| \C70/rm/m/n/10/76 ø \C70/rm/m/n/10/5b ù \C70/rm/m/n/10/4e Ž \C70/rm/m/n/10/51 h \C70/rm/m/n/10/5c @ \C70/rm/m/n/10/65 p \C70/rm/m/n/10/63 n \C70/rm/m/n/10/5e “ \C70/rm/m/n/10/76 „\OT1/cmr/m/n/10 COV\C70/rm/m/n/10/4e :\OT1/cmr/m/n/10 0.53
 []


Underfull \hbox (badness 7468) in paragraph at lines 10--11
\OT1/cmr/m/n/10 SHANSEP\C70/rm/m/n/10/53 Â \C70/rm/m/n/10/65 p \C70/rm/m/n/10/4e ^^N ^^M \C70/rm/m/n/10/65 O \C70/rm/m/n/10/61 ^^_ \C70/rm/m/n/10/9e Ï \C70/rm/m/n/10/57 ^^_ \C70/rm/m/n/10/76 „ \C70/rm/m/n/10/53 Â \C70/rm/m/n/10/65 p \C70/rm/m/n/10/4e ^^M \C70/rm/m/n/10/54 ^^L|\C70/rm/m/n/10/30 ^^B|
 []


Underfull \hbox (badness 5175) in paragraph at lines 10--11
\C70/rm/m/n/10/57 ‹ \C70/rm/m/n/10/64 : \C70/rm/m/n/10/5e & \C70/rm/m/n/10/76 „\OT1/cmr/m/n/10 COV\C70/rm/m/n/10/50 < \C70/rm/m/n/10/89  \C70/rm/m/n/10/5c ^^O \C70/rm/m/n/10/5f — \C70/rm/m/n/10/59 ^^Z|\C70/rm/m/n/10/ff ^^L| \C70/rm/m/n/10/4e :\OT1/cmr/m/n/10 0.34 |\C70/rm/m/n/10/ff ^^H|\C70/rm/m/n/10/53 Â \C70/rm/m/n/10/89 Á
 []

[17]
Overfull \vbox (18.41998pt too high) detected at line 26
 []


Overfull \vbox (18.91998pt too high) detected at line 26
 []


Overfull \vbox (17.86443pt too high) detected at line 39
 []


Overfull \vbox (18.91998pt too high) detected at line 39
 []


Underfull \hbox (badness 3396) in paragraph at lines 50--51
\C70/rm/m/n/10/67 	 \C70/rm/m/n/10/53 ï \C70/rm/m/n/10/80 ý \C70/rm/m/n/10/91 Ç \C70/rm/m/n/10/75 ($\OML/cmm/m/it/10 S[]$\C70/rm/m/n/10/4f \ \C70/rm/m/n/10/4e :\OT1/cmr/m/n/10 Jamiolkowski\C70/rm/m/n/10/7b I \C70/rm/m/n/10/4e º \C70/rm/m/n/10/6a ! \C70/rm/m/n/10/57 ‹ \C70/rm/m/n/10/76 „
 []


Overfull \vbox (18.41998pt too high) detected at line 52
 []


Overfull \vbox (18.91998pt too high) detected at line 52
 []

(./figures/figure-16.tex
<figures/figure-16.png, id=1098, 814.242pt x 386.04225pt>
File: figures/figure-16.png Graphic file (type png)
<use figures/figure-16.png>
Package pdftex.def Info: figures/figure-16.png  used on input line 3.
(pdftex.def)             Requested size: 256.07481pt x 121.40956pt.


LaTeX Warning: Command \textendash invalid in math mode on input line 4.


LaTeX Warning: Command \textendash invalid in math mode on input line 4.


LaTeX Warning: Command \textendash invalid in math mode on input line 4.


LaTeX Warning: Command \textendash invalid in math mode on input line 4.


LaTeX Warning: Command \textendash invalid in math mode on input line 4.


LaTeX Warning: Command \textendash invalid in math mode on input line 4.


LaTeX Warning: Command \textendash invalid in math mode on input line 8.


LaTeX Warning: Command \textendash invalid in math mode on input line 8.


LaTeX Warning: Command \textendash invalid in math mode on input line 8.


LaTeX Warning: Command \textendash invalid in math mode on input line 8.


LaTeX Warning: Command \textendash invalid in math mode on input line 8.


LaTeX Warning: Command \textendash invalid in math mode on input line 8.

)
Underfull \hbox (badness 7504) in paragraph at lines 60--61
[]\C70/rm/m/n/10/57 ( \C70/rm/m/n/10/67 , \C70/rm/m/n/10/82 ‚ \C70/rm/m/n/10/4e -|\C70/rm/m/n/10/ff ^^L| \C70/rm/m/n/10/5c ^^F \C70/rm/m/n/10/78 ^^T \C70/rm/m/n/10/7a v$[]\OT1/cmr/m/n/10 (\OML/cmm/m/it/10 ^^O\OT1/cmr/m/n/10 )$\C70/rm/m/n/10/4e ^^N \C70/rm/m/n/10/8f … \C70/rm/m/n/10/52 © \C70/rm/m/n/10/8f “ \C70/rm/m/n/10/51 e \C70/rm/m/n/10/53 Â
 []


Underfull \hbox (badness 3989) in paragraph at lines 60--61
\C70/rm/m/n/10/4e :\OT1/cmr/m/n/10 PI\C70/rm/m/n/10/5d ò \C70/rm/m/n/10/7e Ï \C70/rm/m/n/10/66 / \C70/rm/m/n/10/4e ; \C70/rm/m/n/10/89  \C70/rm/m/n/10/76 „ \C70/rm/m/n/10/8f “ \C70/rm/m/n/10/51 e \C70/rm/m/n/10/53 Â \C70/rm/m/n/10/65 p|\C70/rm/m/n/10/ff ^^L| \C70/rm/m/n/10/62 @ \C70/rm/m/n/10/4e å \C70/rm/m/n/10/5c ^^F \C70/rm/m/n/10/78 ^^T \C70/rm/m/n/10/7a v
 []


Underfull \hbox (badness 4660) in paragraph at lines 60--61
\C70/rm/m/n/10/5b ù \C70/rm/m/n/10/4e Ž ; \C70/rm/m/n/10/89  \C70/rm/m/n/10/8f “ \C70/rm/m/n/10/51 e \C70/rm/m/n/10/5d ò \C70/rm/m/n/10/7e Ï \C70/rm/m/n/10/53 ^^E \C70/rm/m/n/10/54 +$\OML/cmm/m/it/10 S[]$\C70/rm/m/n/10/76 „ \C70/rm/m/n/10/6a ! \C70/rm/m/n/10/57 ‹|\C70/rm/m/n/10/ff ^^L| \C70/rm/m/n/10/5c ^^F \C70/rm/m/n/10/4e ^^M \C70/rm/m/n/10/4f ^^Z
 []


Overfull \vbox (18.41998pt too high) detected at line 62
 []


Overfull \vbox (18.91998pt too high) detected at line 62
 []


Underfull \hbox (badness 5985) in paragraph at lines 69--70
[]$[]\OT1/cmr/m/n/10 (\OML/cmm/m/it/10 ^^O\OT1/cmr/m/n/10 )$\C70/rm/m/n/10/54 Œ \C70/rm/m/n/10/8f … \C70/rm/m/n/10/52 © \C70/rm/m/n/10/8f “ \C70/rm/m/n/10/51 e \C70/rm/m/n/10/53 Â \C70/rm/m/n/10/65 p |\C70/rm/m/n/10/ff ^^H|\OT1/cmr/m/n/10 PI\C70/rm/m/n/10/62 ^^V$\OML/cmm/m/it/10 S[]$|\C70/rm/m/n/10/ff 	| \C70/rm/m/n/10/76 „ \C70/rm/m/n/10/81 ê
 []


Underfull \hbox (badness 4366) in paragraph at lines 69--70
\C70/rm/m/n/10/71 6 \C70/rm/m/n/10/5b ù \C70/rm/m/n/10/65 p \C70/rm/m/n/10/4e K \C70/rm/m/n/10/95 ô \C70/rm/m/n/10/76 „ ø \C70/rm/m/n/10/51 s \C70/rm/m/n/10/60 ' \C70/rm/m/n/10/90 ^^Z \C70/rm/m/n/10/8f Ç \C70/rm/m/n/10/76 ® \C70/rm/m/n/10/5c ^^T \C70/rm/m/n/10/90 
 \C70/rm/m/n/10/4e X \C70/rm/m/n/10/79 ï \C70/rm/m/n/10/77 é \C70/rm/m/n/10/76 ø
 []

[18]
Overfull \vbox (18.41998pt too high) detected at line 71
 []


Overfull \vbox (18.91998pt too high) detected at line 71
 []

(./tables/table-6.tex
Overfull \hbox (20.17441pt too wide) in paragraph at lines 58--92
 [][][] 
 []

)
Overfull \hbox (9.63974pt too wide) in paragraph at lines 84--85
[]\C70/rm/m/n/10/5b ù \C70/rm/m/n/10/4e Ž \C70/rm/m/n/10/4f ^^? \C70/rm/m/n/10/75 (\OT1/cmr/m/n/10 PI\C70/rm/m/n/10/8f Û \C70/rm/m/n/10/88 L \C70/rm/m/n/10/63 ¨ \C70/rm/m/n/10/74 ^^F|\C70/rm/m/n/10/ff ^^L| \C70/rm/m/n/10/53 ï \C70/rm/m/n/10/4e å \C70/rm/m/n/10/5c ^^F$\OML/cmm/m/it/10 "$\C70/rm/m/n/10/88 h \C70/rm/m/n/10/79 : \C70/rm/m/n/10/4e :\OT1/cmr/m/n/10 PI\C70/rm/m/n/10/76 „
 []


Underfull \hbox (badness 3108) in paragraph at lines 110--111
\C70/rm/m/n/10/4f 0 \C70/rm/m/n/10/8b ¡ \C70/rm/m/n/10/76 „ ø \C70/rm/m/n/10/4e ¤ \C70/rm/m/n/10/54 Œ \C70/rm/m/n/10/6e ^^P \C70/rm/m/n/10/53 Ø|\C70/rm/m/n/10/30 ^^B| \C70/rm/m/n/10/56 à \C70/rm/m/n/10/4e : \C70/rm/m/n/10/4f   \C70/rm/m/n/10/7e ß \C70/rm/m/n/10/76 „ \C70/rm/m/n/10/7e ¿ \C70/rm/m/n/10/60 ' \C70/rm/m/n/10/56 Þ \C70/rm/m/n/10/5f R
 []

[19 <./figures/figure-16.png>] [20] (./figures/figure-17.tex
<figures/figure-17.png, id=1183, 800.9925pt x 440.847pt>
File: figures/figure-17.png Graphic file (type png)
<use figures/figure-17.png>
Package pdftex.def Info: figures/figure-17.png  used on input line 3.
(pdftex.def)             Requested size: 256.07481pt x 140.93938pt.
)
Overfull \hbox (8.67706pt too wide) in paragraph at lines 140--141
[]\C70/rm/m/n/10/98 y$\OML/cmm/m/it/10  \OMS/cmsy/m/n/10 ^^B []\OT1/cmr/m/n/10 ([]\OML/cmm/m/it/10 =\OT1/cmr/m/n/10 20)[]$\C70/rm/m/n/10/79 ð \C70/rm/m/n/10/4e : \C70/rm/m/n/10/50 O \C70/rm/m/n/10/5d î \C70/rm/m/n/10/68 ! \C70/rm/m/n/10/6b c \C70/rm/m/n/10/56 à \C70/rm/m/n/10/5b P |\C70/rm/m/n/10/ff ^^H|\OT1/cmr/m/n/10 BCF|\C70/rm/m/n/10/ff 	||\C70/rm/m/n/10/30 ^^B|
 []


Overfull \hbox (12.28767pt too wide) in paragraph at lines 140--141
\C70/rm/m/n/10/57 ( \C70/rm/m/n/10/88 h[][]\OT1/cmr/m/n/10 6[][]\C70/rm/m/n/10/4e -|\C70/rm/m/n/10/ff ^^L| \C70/rm/m/n/10/66 ô \C70/rm/m/n/10/65 ° \C70/rm/m/n/10/76 „ \C70/rm/m/n/10/50 O \C70/rm/m/n/10/5d î \C70/rm/m/n/10/56 à \C70/rm/m/n/10/5b P$\OML/cmm/m/it/10 b[]$\C70/rm/m/n/10/4e å$\OML/cmm/m/it/10 b[] \OT1/cmr/m/n/10 = ([] b) \OMS/cmsy/m/n/10 ^^B
 []


Overfull \hbox (8.24585pt too wide) in paragraph at lines 140--141
\C70/rm/m/n/10/53 ï Ø \C70/rm/m/n/10/60 ' \C70/rm/m/n/10/98 y|\C70/rm/m/n/10/ff 	| $\OML/cmm/m/it/10 ^^N[]$|\C70/rm/m/n/10/30 ^^B| \C70/rm/m/n/10/57 ( \C70/rm/m/n/10/88 h[][]\OT1/cmr/m/n/10 6[][]\C70/rm/m/n/10/4e -|\C70/rm/m/n/10/ff ^^L| $\OML/cmm/m/it/10 ^^N[]$\C70/rm/m/n/10/4e å$\OML/cmm/m/it/10 ^^N[] \OT1/cmr/m/n/10 = ([] \OML/cmm/m/it/10 ^^N\OT1/cmr/m/n/10 ) \OMS/cmsy/m/n/10 ^^B
 []


Underfull \hbox (badness 10000) in paragraph at lines 149--150
[]\C70/rm/m/n/10/66 > \C70/rm/m/n/10/71 6|\C70/rm/m/n/10/ff ^^L| \C70/rm/m/n/10/5f S \C70/rm/m/n/10/76 î \C70/rm/m/n/10/68 ^^G \C70/rm/m/n/10/53 Â \C70/rm/m/n/10/65 p \C70/rm/m/n/10/4e :$\OML/cmm/m/it/10 ^^[[]=P[]$\C70/rm/m/n/10/62 ^^V\OT1/cmr/m/n/10 OCR\C70/rm/m/n/10/65 ö|\C70/rm/m/n/10/ff ^^L|
 []


Underfull \hbox (badness 5847) in paragraph at lines 149--150
\C70/rm/m/n/10/61 ^^O \C70/rm/m/n/10/54 s \C70/rm/m/n/10/77 @ \C70/rm/m/n/10/51 w \C70/rm/m/n/10/67 	 \C70/rm/m/n/10/8f ƒ \C70/rm/m/n/10/59 '\OT1/cmr/m/n/10 PI\C70/rm/m/n/10/50 < \C70/rm/m/n/10/76 „ \C70/rm/m/n/10/9e Ï \C70/rm/m/n/10/57 ^^_ \C70/rm/m/n/10/5f € € \C70/rm/m/n/10/51 w \C70/rm/m/n/10/67 	 \C70/rm/m/n/10/8f ƒ \C70/rm/m/n/10/4f N
 []

[21 <./figures/figure-17.png>]
Overfull \hbox (22.20937pt too wide) in paragraph at lines 184--185
[]\C70/rm/m/n/10/51 v \C70/rm/m/n/10/4e -$[]\OT1/cmr/m/n/10 (\OML/cmm/m/it/10 "\OT1/cmr/m/n/10 )$\C70/rm/m/n/10/66 / \C70/rm/m/n/10/5d ò \C70/rm/m/n/10/77 å \C70/rm/m/n/10/8f “ \C70/rm/m/n/10/51 ú|\C70/rm/m/n/10/ff ^^L| \C70/rm/m/n/10/80 ^^L$[]\OT1/cmr/m/n/10 ([]\OML/cmm/m/it/10 =\OT1/cmr/m/n/10 20)$\C70/rm/m/n/10/54 Œ$[]\OT1/cmr/m/n/10 (\OML/cmm/m/it/10 S[]\OT1/cmr/m/n/10 )$\C70/rm/m/n/10/66 /
 []


Overfull \hbox (7.6052pt too wide) in paragraph at lines 184--185
\C70/rm/m/n/10/4f 0 \C70/rm/m/n/10/8b ¡ \C70/rm/m/n/10/76 „ ø \C70/rm/m/n/10/4e ¤ \C70/rm/m/n/10/54 Œ \C70/rm/m/n/10/6e ^^P \C70/rm/m/n/10/53 Ø|\C70/rm/m/n/10/30 ^^B| \C70/rm/m/n/10/4e ^^@ \C70/rm/m/n/10/65 æ \C70/rm/m/n/10/83 · \C70/rm/m/n/10/5f — \C70/rm/m/n/10/4e †$[]\OT1/cmr/m/n/10 (\OML/cmm/m/it/10 \OT1/cmr/m/n/10 )$|\C70/rm/m/n/10/ff ^^L| $\OML/cmm/m/it/10 ^^L$\C70/rm/m/n/10/54 Œ$\OML/cmm/m/it/10 ^^M$\C70/rm/m/n/10/76 „
 []


Overfull \hbox (5.80457pt too wide) in paragraph at lines 184--185
\C70/rm/m/n/10/65 ° \C70/rm/m/n/10/76 „$\OML/cmm/m/it/10 ^^N[]$|\C70/rm/m/n/10/30 ^^B| \C70/rm/m/n/10/5f ˆ \C70/rm/m/n/10/66 ^^N >|\C70/rm/m/n/10/ff ^^L| \C70/rm/m/n/10/5f S \C70/rm/m/n/10/76 î \C70/rm/m/n/10/68 ^^G \C70/rm/m/n/10/53 Â \C70/rm/m/n/10/65 p \C70/rm/m/n/10/4e :$\OML/cmm/m/it/10 s[]=^^[[]$\C70/rm/m/n/10/62 ^^V$\OML/cmm/m/it/10 s[]=^^[[]$|\C70/rm/m/n/10/ff ^^L|
 []


Overfull \hbox (30.52893pt too wide) in paragraph at lines 184--185
\C70/rm/m/n/10/51 w \C70/rm/m/n/10/67 	 \C70/rm/m/n/10/8f ƒ \C70/rm/m/n/10/59 '$\OML/cmm/m/it/10 S[]$\C70/rm/m/n/10/50 < \C70/rm/m/n/10/76 „ \C70/rm/m/n/10/9e Ï \C70/rm/m/n/10/57 ^^_ \C70/rm/m/n/10/5f € € \C70/rm/m/n/10/51 w \C70/rm/m/n/10/67 	 \C70/rm/m/n/10/8f ƒ \C70/rm/m/n/10/59 ' \C70/rm/m/n/10/76 „$\OML/cmm/m/it/10 s[]=^^[[]$\C70/rm/m/n/10/54 Œ$\OML/cmm/m/it/10 s[]=^^[[]$|\C70/rm/m/n/10/30 ^^B|
 []


Underfull \hbox (badness 3460) in paragraph at lines 197--198
\C70/rm/m/n/10/65 p \C70/rm/m/n/10/91 Ï \C70/rm/m/n/10/59 ' ' \C70/rm/m/n/10/5c ^^Q \C70/rm/m/n/10/4e Ž$[]\OT1/cmr/m/n/10 (\OML/cmm/m/it/10 "\OT1/cmr/m/n/10 ) \OMS/cmsy/m/n/10 ^^@ []\OT1/cmr/m/n/10 ([])$\C70/rm/m/n/10/65 p \C70/rm/m/n/10/63 n \C70/rm/m/n/10/70 ¹ \C70/rm/m/n/10/76 „ \C70/rm/m/n/10/65 p \C70/rm/m/n/10/91 Ï
 []

) (./sections/section-6.tex
Overfull \hbox (4.92676pt too wide) in paragraph at lines 10--11
\C70/rm/m/n/10/63 n \C70/rm/m/n/10/5e “ \C70/rm/m/n/10/76 „ \C70/rm/m/n/10/6a ! \C70/rm/m/n/10/57 ‹|\C70/rm/m/n/10/30 ^^B| \C70/rm/m/n/10/4f ^^? \C70/rm/m/n/10/75 ([][]\OT1/cmr/m/n/10 Jamiolkowski et al.[][] ([][]1985[][])\C70/rm/m/n/10/5f ^^@
 []


Overfull \hbox (48.00446pt too wide) in paragraph at lines 10--11
\C70/rm/m/n/10/50 < \C70/rm/m/n/10/54 Œ\OT1/cmr/m/n/10 COV|\C70/rm/m/n/10/30 ^^B| \C70/rm/m/n/10/68 9 \C70/rm/m/n/10/63 n \C70/rm/m/n/10/88 h[][]\OT1/cmr/m/n/10 5[][]|\C70/rm/m/n/10/ff ^^L| \C70/rm/m/n/10/6b d \C70/rm/m/n/10/6a ! \C70/rm/m/n/10/57 ‹ \C70/rm/m/n/10/97 ^ \C70/rm/m/n/10/5e 8 \C70/rm/m/n/10/90 ^^B \C70/rm/m/n/10/54 ^^H\OT1/cmr/m/n/10 CLAY/10/7490\C70/rm/m/n/10/65 p
 []


Underfull \hbox (badness 3098) in paragraph at lines 10--11
\C70/rm/m/n/10/63 n \C70/rm/m/n/10/5e “|\C70/rm/m/n/10/ff ^^L| \C70/rm/m/n/10/5e v \C70/rm/m/n/10/4e ^^T \C70/rm/m/n/10/8b å \C70/rm/m/n/10/90 ^^B \C70/rm/m/n/10/54 ^^H \C70/rm/m/n/10/51 s \C70/rm/m/n/10/7c û \C70/rm/m/n/10/59 ‚ \C70/rm/m/n/10/56 þ[][]\OT1/cmr/m/n/10 10[][]\C70/rm/m/n/10/62 @ \C70/rm/m/n/10/79 :|\C70/rm/m/n/10/30 ^^B| \C70/rm/m/n/10/7b , \C70/rm/m/n/10/4e Œ
 []

[22]
Overfull \hbox (2.21254pt too wide) in paragraph at lines 19--20
\C70/rm/m/n/10/53 ï \C70/rm/m/n/10/4e å Î |\C70/rm/m/n/10/20 ^^\|\C70/rm/m/n/10/63 ¨ \C70/rm/m/n/10/65 ­ \C70/rm/m/n/10/7e Ó \C70/rm/m/n/10/67 œ|\C70/rm/m/n/10/20 ^^]| \C70/rm/m/n/10/52 ^^W \C70/rm/m/n/10/54 Œ \C70/rm/m/n/10/5b P \C70/rm/m/n/10/52 ^^W |\C70/rm/m/n/10/20 ^^\|\C70/rm/m/n/10/57 ú \C70/rm/m/n/10/4e Ž\OT1/cmr/m/n/10 PI\C70/rm/m/n/10/54 Œ$\OML/cmm/m/it/10 S[]$\C70/rm/m/n/10/76 „
 []


Overfull \hbox (5.19872pt too wide) in paragraph at lines 19--20
\C70/rm/m/n/10/63 ¨ \C70/rm/m/n/10/65 ­|\C70/rm/m/n/10/20 ^^]| \C70/rm/m/n/10/4e - \C70/rm/m/n/10/63 Ð \C70/rm/m/n/10/53 Ö \C70/rm/m/n/10/50 O \C70/rm/m/n/10/5d î \C70/rm/m/n/10/68 ! \C70/rm/m/n/10/6b c \C70/rm/m/n/10/56 à \C70/rm/m/n/10/5b P |\C70/rm/m/n/10/ff ^^H|\OT1/cmr/m/n/10 BCF|\C70/rm/m/n/10/ff 	| \C70/rm/m/n/10/54 Œ\OT1/cmr/m/n/10 COV\C70/rm/m/n/10/68 !
 []


Overfull \hbox (30.70595pt too wide) in paragraph at lines 19--20
[]\OT1/cmr/m/n/10 10[] = 0\OML/cmm/m/it/10 :\OT1/cmr/m/n/10 907$|\C70/rm/m/n/10/ff ^^L| \OT1/cmr/m/n/10 CCF = 67$%$|\C70/rm/m/n/10/30 ^^B| \C70/rm/m/n/10/7e Ó \C70/rm/m/n/10/67 œ|\C70/rm/m/n/10/ff ^^L| $\OML/cmm/m/it/10 s[]\OT1/cmr/m/n/10 ([])\OML/cmm/m/it/10 =^^[[]$\C70/rm/m/n/10/76 „
 []

) (./sections/section-7.tex
Underfull \hbox (badness 4543) in paragraph at lines 10--11
\C70/rm/m/n/10/8b å \C70/rm/m/n/10/65 p \C70/rm/m/n/10/63 n \C70/rm/m/n/10/5e “ \C70/rm/m/n/10/53 ^^E \C70/rm/m/n/10/54 + \C70/rm/m/n/10/51 w \C70/rm/m/n/10/67 	 \C70/rm/m/n/10/5e ^^? \C70/rm/m/n/10/6c Û \C70/rm/m/n/10/76 „$\OML/cmm/m/it/10 S[]$|\C70/rm/m/n/10/ff ^^L| \OT1/cmr/m/n/10 OCR\C70/rm/m/n/10/54 Œ\OT1/cmr/m/n/10 PI\C70/rm/m/n/10/50 <
 []

[23]) [24] (./tables/table-a1.tex [25] [26] [27] [28] [29]) (./Ching2014.bbl [30] [31] [32] [33] [34] [35] [36] [37] [38] [39] [40] [41] [42] [43] [44])
Package atveryend Info: Empty hook `BeforeClearDocument' on input line 112.
 [45]
Package atveryend Info: Empty hook `AfterLastShipout' on input line 112.
 (./Ching2014.aux)
Package atveryend Info: Executing hook `AtVeryEndDocument' on input line 112.
Package atveryend Info: Executing hook `AtEndAfterFileList' on input line 112.
Package rerunfilecheck Info: File `Ching2014.out' has not changed.
(rerunfilecheck)             Checksum: 63ADD0FC230A1C3E9927251C75ECA087;2039.
Package atveryend Info: Empty hook `AtVeryVeryEnd' on input line 112.
 ) 
Here is how much of TeX's memory you used:
 20231 strings out of 480608
 323773 string characters out of 5907536
 591464 words of memory out of 5000000
 34954 multiletter control sequences out of 15000+600000
 611630 words of font info for 317 fonts, out of 8000000 for 9000
 1141 hyphenation exceptions out of 8191
 46i,21n,59p,2857b,995s stack positions out of 5000i,500n,10000p,200000b,80000s
<c:/Windows/Fonts/simsun.ttc><c:/Windows/Fonts/simhei.ttf><c:/Windows/Fonts/simsun.ttc><c:/Windows/Fonts/simhei.ttf><c:/Windows/Fonts/simsun.ttc><c:/Windows/Fonts/simsun.ttc><c:/Windows/Fonts/simsun.ttc><c:/Windows/Fonts/simsun.ttc><c:/Windows/Fonts/simhei.ttf><c:/Windows/Fonts/simhei.ttf><c:/Windows/Fonts/simhei.ttf><c:/Windows/Fonts/simhei.ttf><c:/Windows/Fonts/simsun.ttc><c:/Windows/Fonts/simsun.ttc><c:/Windows/Fonts/simsun.ttc><c:/Windows/Fonts/simhei.ttf><c:/Windows/Fonts/simhei.ttf><c:/Windows/Fonts/simhei.ttf><c:/Windows/Fonts/simsun.ttc><c:/Windows/Fonts/simsun.ttc><c:/Windows/Fonts/simsun.ttc><c:/Windows/Fonts/simsun.ttc><c:/Windows/Fonts/simsun.ttc><c:/Windows/Fonts/simsun.ttc><c:/Windows/Fonts/simsun.ttc><c:/Windows/Fonts/simsun.ttc><c:/Windows/Fonts/simhei.ttf><c:/Windows/Fonts/simhei.ttf><c:/Windows/Fonts/simhei.ttf><c:/Windows/Fonts/simhei.ttf><c:/Windows/Fonts/simhei.ttf><c:/Windows/Fonts/simhei.ttf><c:/Windows/Fonts/simhei.ttf><c:/Windows/Fonts/simhei.ttf><c:/Windows/Fonts/simhei.ttf><c:/Windows/Fonts/simsun.ttc><c:/Windows/Fonts/simsun.ttc><c:/Windows/Fonts/simsun.ttc><c:/Windows/Fonts/simsun.ttc><c:/Windows/Fonts/simsun.ttc><c:/Windows/Fonts/simsun.ttc><c:/Windows/Fonts/simsun.ttc><c:/Windows/Fonts/simsun.ttc><c:/Windows/Fonts/simhei.ttf><c:/Windows/Fonts/simhei.ttf><c:/Windows/Fonts/simhei.ttf><c:/Windows/Fonts/simhei.ttf><c:/Windows/Fonts/simhei.ttf><c:/Windows/Fonts/simhei.ttf><c:/Windows/Fonts/simhei.ttf><c:/Windows/Fonts/simsun.ttc><c:/Windows/Fonts/simsun.ttc><c:/Windows/Fonts/simsun.ttc><c:/Windows/Fonts/simsun.ttc><c:/Windows/Fonts/simsun.ttc><c:/Windows/Fonts/simsun.ttc><c:/Windows/Fonts/simsun.ttc><c:/Windows/Fonts/simsun.ttc><c:/Windows/Fonts/simsun.ttc><c:/Windows/Fonts/simsun.ttc><c:/Windows/Fonts/simsun.ttc><c:/Windows/Fonts/simsun.ttc><c:/Windows/Fonts/simsun.ttc><c:/Windows/Fonts/simsun.ttc><c:/Windows/Fonts/simsun.ttc><c:/Windows/Fonts/simsun.ttc><c:/Windows/Fonts/simsun.ttc><c:/Windows/Fonts/simsun.ttc><c:/Windows/Fonts/simsun.ttc><c:/Windows/Fonts/simsun.ttc><c:/Windows/Fonts/simsun.ttc><c:/Windows/Fonts/simsun.ttc><c:/Windows/Fonts/simsun.ttc><c:/Windows/Fonts/simsun.ttc>{c:/texlive/2020/texmf-dist/fonts/enc/dvips/cm-super/cm-super-ts1.enc}<c:/Windows/Fonts/simsun.ttc><c:/Windows/Fonts/simhei.ttf><c:/Windows/Fonts/simhei.ttf><c:/Windows/Fonts/simhei.ttf><c:/Windows/Fonts/simsun.ttc><c:/Windows/Fonts/simsun.ttc><c:/Windows/Fonts/simsun.ttc><c:/Windows/Fonts/simsun.ttc><c:/Windows/Fonts/simsun.ttc><c:/Windows/Fonts/simsun.ttc><c:/Windows/Fonts/simsun.ttc><c:/Windows/Fonts/simsun.ttc><c:/Windows/Fonts/simsun.ttc><c:/Windows/Fonts/simsun.ttc><c:/Windows/Fonts/simsun.ttc><c:/Windows/Fonts/simsun.ttc><c:/Windows/Fonts/simsun.ttc><c:/Windows/Fonts/simsun.ttc><c:/Windows/Fonts/simsun.ttc><c:/Windows/Fonts/simsun.ttc><c:/Windows/Fonts/simsun.ttc><c:/Windows/Fonts/simsun.ttc><c:/Windows/Fonts/simsun.ttc><c:/Windows/Fonts/simsun.ttc><c:/Windows/Fonts/simsun.ttc><c:/Windows/Fonts/simsun.ttc><c:/Windows/Fonts/simsun.ttc><c:/Windows/Fonts/simsun.ttc><c:/Windows/Fonts/simsun.ttc><c:/Windows/Fonts/simsun.ttc><c:/Windows/Fonts/simsun.ttc><c:/Windows/Fonts/simsun.ttc><c:/Windows/Fonts/simsun.ttc><c:/Windows/Fonts/simsun.ttc><c:/Windows/Fonts/simsun.ttc><c:/Windows/Fonts/simsun.ttc><c:/Windows/Fonts/simsun.ttc><c:/Windows/Fonts/simsun.ttc><c:/Windows/Fonts/simsun.ttc><c:/Windows/Fonts/simsun.ttc><c:/Windows/Fonts/simsun.ttc><c:/Windows/Fonts/simsun.ttc><c:/Windows/Fonts/simsun.ttc><c:/Windows/Fonts/simsun.ttc><c:/Windows/Fonts/simsun.ttc><c:/Windows/Fonts/simsun.ttc><c:/Windows/Fonts/simsun.ttc><c:/Windows/Fonts/simsun.ttc><c:/Windows/Fonts/simsun.ttc><c:/Windows/Fonts/simsun.ttc><c:/Windows/Fonts/simsun.ttc><c:/Windows/Fonts/simsun.ttc><c:/Windows/Fonts/simsun.ttc><c:/Windows/Fonts/simsun.ttc><c:/Windows/Fonts/simsun.ttc><c:/Windows/Fonts/simsun.ttc><c:/Windows/Fonts/simsun.ttc><c:/Windows/Fonts/simhei.ttf><c:/Windows/Fonts/simhei.ttf><c:/Windows/Fonts/simsun.ttc><c:/Windows/Fonts/simsun.ttc><c:/Windows/Fonts/simsun.ttc><c:/Windows/Fonts/simhei.ttf><c:/Windows/Fonts/simhei.ttf><c:/Windows/Fonts/simhei.ttf><c:/Windows/Fonts/simhei.ttf><c:/Windows/Fonts/simhei.ttf><c:/Windows/Fonts/simhei.ttf><c:/Windows/Fonts/simhei.ttf><c:/Windows/Fonts/simhei.ttf><c:/Windows/Fonts/simhei.ttf><c:/Windows/Fonts/simhei.ttf><c:/Windows/Fonts/simhei.ttf><c:/Windows/Fonts/simhei.ttf><c:/Windows/Fonts/simhei.ttf><c:/Windows/Fonts/simhei.ttf><c:/texlive/2020/texmf-dist/fonts/type1/public/amsfonts/cm/cmbx10.pfb><c:/texlive/2020/texmf-dist/fonts/type1/public/amsfonts/cm/cmbx12.pfb><c:/texlive/2020/texmf-dist/fonts/type1/public/amsfonts/cm/cmbx8.pfb><c:/texlive/2020/texmf-dist/fonts/type1/public/amsfonts/cm/cmex10.pfb><c:/texlive/2020/texmf-dist/fonts/type1/public/amsfonts/cmextra/cmex7.pfb><c:/texlive/2020/texmf-dist/fonts/type1/public/amsfonts/cm/cmmi10.pfb><c:/texlive/2020/texmf-dist/fonts/type1/public/amsfonts/cm/cmmi12.pfb><c:/texlive/2020/texmf-dist/fonts/type1/public/amsfonts/cm/cmmi5.pfb><c:/texlive/2020/texmf-dist/fonts/type1/public/amsfonts/cm/cmmi6.pfb><c:/texlive/2020/texmf-dist/fonts/type1/public/amsfonts/cm/cmmi7.pfb><c:/texlive/2020/texmf-dist/fonts/type1/public/amsfonts/cm/cmmi8.pfb><c:/texlive/2020/texmf-dist/fonts/type1/public/amsfonts/cm/cmmi9.pfb><c:/texlive/2020/texmf-dist/fonts/type1/public/amsfonts/cm/cmr10.pfb><c:/texlive/2020/texmf-dist/fonts/type1/public/amsfonts/cm/cmr12.pfb><c:/texlive/2020/texmf-dist/fonts/type1/public/amsfonts/cm/cmr5.pfb><c:/texlive/2020/texmf-dist/fonts/type1/public/amsfonts/cm/cmr6.pfb><c:/texlive/2020/texmf-dist/fonts/type1/public/amsfonts/cm/cmr7.pfb><c:/texlive/2020/texmf-dist/fonts/type1/public/amsfonts/cm/cmr8.pfb><c:/texlive/2020/texmf-dist/fonts/type1/public/amsfonts/cm/cmr9.pfb><c:/texlive/2020/texmf-dist/fonts/type1/public/amsfonts/cm/cmsl10.pfb><c:/texlive/2020/texmf-dist/fonts/type1/public/amsfonts/cm/cmsy10.pfb><c:/texlive/2020/texmf-dist/fonts/type1/public/amsfonts/cm/cmsy5.pfb><c:/texlive/2020/texmf-dist/fonts/type1/public/amsfonts/cm/cmsy6.pfb><c:/texlive/2020/texmf-dist/fonts/type1/public/amsfonts/cm/cmsy7.pfb><c:/texlive/2020/texmf-dist/fonts/type1/public/amsfonts/cm/cmsy8.pfb><c:/texlive/2020/texmf-dist/fonts/type1/public/amsfonts/cm/cmsy9.pfb><c:/texlive/2020/texmf-dist/fonts/type1/public/amsfonts/cm/cmti10.pfb><c:/texlive/2020/texmf-dist/fonts/type1/public/amsfonts/cm/cmtt10.pfb><c:/texlive/2020/texmf-dist/fonts/type1/public/cm-super/sfrm0600.pfb><c:/texlive/2020/texmf-dist/fonts/type1/public/cm-super/sfrm0800.pfb>
Output written on Ching2014.pdf (45 pages, 2659661 bytes).
PDF statistics:
 2837 PDF objects out of 2984 (max. 8388607)
 2314 compressed objects within 24 object streams
 352 named destinations out of 1000 (max. 500000)
 470 words of extra memory for PDF output out of 10000 (max. 10000000)

